Global seed set to 1501
GPU available: True (cuda), used: True
TPU available: False, using: 0 TPU cores
IPU available: False, using: 0 IPUs
HPU available: False, using: 0 HPUs
Missing logger folder: /home/pranav/Desktop/emg2qwerty/logs/2026-03-10/16-26-20/job2_trainer.devices=1,user=single_user_8/lightning_logs
LOCAL_RANK: 0 - CUDA_VISIBLE_DEVICES: [0]
/home/pranav/miniconda3/envs/emg2qwerty/lib/python3.10/site-packages/pl_bolts/__init__.py:11: FutureWarning: In the future `np.object` will be defined as the corresponding NumPy scalar.
  if not hasattr(numpy, tp_name):
/home/pranav/miniconda3/envs/emg2qwerty/lib/python3.10/site-packages/pl_bolts/__init__.py:11: FutureWarning: In the future `np.bool` will be defined as the corresponding NumPy scalar.
  if not hasattr(numpy, tp_name):
/home/pranav/miniconda3/envs/emg2qwerty/lib/python3.10/site-packages/pl_bolts/models/self_supervised/amdim/amdim_module.py:34: UnderReviewWarning: The feature generate_power_seq is currently marked under review. The compatibility with other Lightning projects is not guaranteed and API may change at any time. The API and functionality may change without warning in future releases. More details: https://lightning-bolts.readthedocs.io/en/latest/stability.html
  "lr_options": generate_power_seq(LEARNING_RATE_CIFAR, 11),
/home/pranav/miniconda3/envs/emg2qwerty/lib/python3.10/site-packages/pl_bolts/models/self_supervised/amdim/amdim_module.py:92: UnderReviewWarning: The feature FeatureMapContrastiveTask is currently marked under review. The compatibility with other Lightning projects is not guaranteed and API may change at any time. The API and functionality may change without warning in future releases. More details: https://lightning-bolts.readthedocs.io/en/latest/stability.html
  contrastive_task: Union[FeatureMapContrastiveTask] = FeatureMapContrastiveTask("01, 02, 11"),
/home/pranav/miniconda3/envs/emg2qwerty/lib/python3.10/site-packages/pl_bolts/losses/self_supervised_learning.py:228: UnderReviewWarning: The feature AmdimNCELoss is currently marked under review. The compatibility with other Lightning projects is not guaranteed and API may change at any time. The API and functionality may change without warning in future releases. More details: https://lightning-bolts.readthedocs.io/en/latest/stability.html
  self.nce_loss = AmdimNCELoss(tclip)
/home/pranav/miniconda3/envs/emg2qwerty/lib/python3.10/site-packages/hydra/_internal/instantiate/_instantiate2.py:92: UnderReviewWarning: The feature LinearWarmupCosineAnnealingLR is currently marked under review. The compatibility with other Lightning projects is not guaranteed and API may change at any time. The API and functionality may change without warning in future releases. More details: https://lightning-bolts.readthedocs.io/en/latest/stability.html
  return _target_(*args, **kwargs)

  | Name         | Type                          | Params
---------------------------------------------------------------
0 | spec_norm    | SpectrogramNorm               | 64    
1 | mlp          | MultiBandRotationInvariantMLP | 406 K 
2 | flatten      | Flatten                       | 0     
3 | cnn          | Sequential                    | 1.3 M 
4 | lstm         | LSTM                          | 3.9 M 
5 | lstm_dropout | Dropout                       | 0     
6 | classifier   | Sequential                    | 63.5 K
7 | ctc_loss     | CTCLoss                       | 0     
8 | metrics      | ModuleDict                    | 0     
---------------------------------------------------------------
5.7 M     Trainable params
0         Non-trainable params
5.7 M     Total params
22.898    Total estimated model params size (MB)
/home/pranav/miniconda3/envs/emg2qwerty/lib/python3.10/site-packages/torch/nn/modules/conv.py:306: UserWarning: Plan failed with a cudnnException: CUDNN_BACKEND_EXECUTION_PLAN_DESCRIPTOR: cudnnFinalize Descriptor Failed cudnn_status: CUDNN_STATUS_NOT_SUPPORTED (Triggered internally at ../aten/src/ATen/native/cudnn/Conv_v8.cpp:919.)
  return F.conv1d(input, weight, bias, self.stride,
Epoch 0, global step 62: 'val/CER' reached 972.90649 (best 972.90649), saving model to '/home/pranav/Desktop/emg2qwerty/logs/2026-03-10/16-26-20/job2_trainer.devices=1,user=single_user_8/checkpoints/epoch=0-step=62.ckpt' as top 1
Epoch 1, global step 124: 'val/CER' reached 100.00000 (best 100.00000), saving model to '/home/pranav/Desktop/emg2qwerty/logs/2026-03-10/16-26-20/job2_trainer.devices=1,user=single_user_8/checkpoints/epoch=1-step=124.ckpt' as top 1
Epoch 2, global step 186: 'val/CER' was not in top 1
Epoch 3, global step 248: 'val/CER' was not in top 1
Epoch 4, global step 310: 'val/CER' was not in top 1
Epoch 5, global step 372: 'val/CER' was not in top 1
Epoch 6, global step 434: 'val/CER' was not in top 1
Epoch 7, global step 496: 'val/CER' was not in top 1
Epoch 8, global step 558: 'val/CER' was not in top 1
Epoch 9, global step 620: 'val/CER' was not in top 1
Epoch 10, global step 682: 'val/CER' was not in top 1
Epoch 11, global step 744: 'val/CER' was not in top 1
Epoch 12, global step 806: 'val/CER' was not in top 1
Epoch 13, global step 868: 'val/CER' was not in top 1
Epoch 14, global step 930: 'val/CER' was not in top 1
Epoch 15, global step 992: 'val/CER' was not in top 1
Epoch 16, global step 1054: 'val/CER' reached 93.19894 (best 93.19894), saving model to '/home/pranav/Desktop/emg2qwerty/logs/2026-03-10/16-26-20/job2_trainer.devices=1,user=single_user_8/checkpoints/epoch=16-step=1054.ckpt' as top 1
Epoch 17, global step 1116: 'val/CER' reached 90.38547 (best 90.38547), saving model to '/home/pranav/Desktop/emg2qwerty/logs/2026-03-10/16-26-20/job2_trainer.devices=1,user=single_user_8/checkpoints/epoch=17-step=1116.ckpt' as top 1
Epoch 18, global step 1178: 'val/CER' reached 80.17280 (best 80.17280), saving model to '/home/pranav/Desktop/emg2qwerty/logs/2026-03-10/16-26-20/job2_trainer.devices=1,user=single_user_8/checkpoints/epoch=18-step=1178.ckpt' as top 1
Epoch 19, global step 1240: 'val/CER' reached 68.47585 (best 68.47585), saving model to '/home/pranav/Desktop/emg2qwerty/logs/2026-03-10/16-26-20/job2_trainer.devices=1,user=single_user_8/checkpoints/epoch=19-step=1240.ckpt' as top 1
Epoch 20, global step 1302: 'val/CER' reached 56.46877 (best 56.46877), saving model to '/home/pranav/Desktop/emg2qwerty/logs/2026-03-10/16-26-20/job2_trainer.devices=1,user=single_user_8/checkpoints/epoch=20-step=1302.ckpt' as top 1
Epoch 21, global step 1364: 'val/CER' reached 45.50288 (best 45.50288), saving model to '/home/pranav/Desktop/emg2qwerty/logs/2026-03-10/16-26-20/job2_trainer.devices=1,user=single_user_8/checkpoints/epoch=21-step=1364.ckpt' as top 1
Epoch 22, global step 1426: 'val/CER' reached 38.67966 (best 38.67966), saving model to '/home/pranav/Desktop/emg2qwerty/logs/2026-03-10/16-26-20/job2_trainer.devices=1,user=single_user_8/checkpoints/epoch=22-step=1426.ckpt' as top 1
Epoch 23, global step 1488: 'val/CER' reached 38.43598 (best 38.43598), saving model to '/home/pranav/Desktop/emg2qwerty/logs/2026-03-10/16-26-20/job2_trainer.devices=1,user=single_user_8/checkpoints/epoch=23-step=1488.ckpt' as top 1
Epoch 24, global step 1550: 'val/CER' was not in top 1
Epoch 25, global step 1612: 'val/CER' reached 37.50554 (best 37.50554), saving model to '/home/pranav/Desktop/emg2qwerty/logs/2026-03-10/16-26-20/job2_trainer.devices=1,user=single_user_8/checkpoints/epoch=25-step=1612.ckpt' as top 1
Epoch 26, global step 1674: 'val/CER' reached 34.84714 (best 34.84714), saving model to '/home/pranav/Desktop/emg2qwerty/logs/2026-03-10/16-26-20/job2_trainer.devices=1,user=single_user_8/checkpoints/epoch=26-step=1674.ckpt' as top 1
Epoch 27, global step 1736: 'val/CER' reached 32.69827 (best 32.69827), saving model to '/home/pranav/Desktop/emg2qwerty/logs/2026-03-10/16-26-20/job2_trainer.devices=1,user=single_user_8/checkpoints/epoch=27-step=1736.ckpt' as top 1
Epoch 28, global step 1798: 'val/CER' was not in top 1
Epoch 29, global step 1860: 'val/CER' was not in top 1
Epoch 30, global step 1922: 'val/CER' was not in top 1
Epoch 31, global step 1984: 'val/CER' reached 31.32477 (best 31.32477), saving model to '/home/pranav/Desktop/emg2qwerty/logs/2026-03-10/16-26-20/job2_trainer.devices=1,user=single_user_8/checkpoints/epoch=31-step=1984.ckpt' as top 1
Epoch 32, global step 2046: 'val/CER' was not in top 1
Epoch 33, global step 2108: 'val/CER' reached 29.44174 (best 29.44174), saving model to '/home/pranav/Desktop/emg2qwerty/logs/2026-03-10/16-26-20/job2_trainer.devices=1,user=single_user_8/checkpoints/epoch=33-step=2108.ckpt' as top 1
Epoch 34, global step 2170: 'val/CER' was not in top 1
Epoch 35, global step 2232: 'val/CER' was not in top 1
Epoch 36, global step 2294: 'val/CER' was not in top 1
Epoch 37, global step 2356: 'val/CER' reached 27.75809 (best 27.75809), saving model to '/home/pranav/Desktop/emg2qwerty/logs/2026-03-10/16-26-20/job2_trainer.devices=1,user=single_user_8/checkpoints/epoch=37-step=2356.ckpt' as top 1
Epoch 38, global step 2418: 'val/CER' was not in top 1
Epoch 39, global step 2480: 'val/CER' was not in top 1
Epoch 40, global step 2542: 'val/CER' reached 27.29287 (best 27.29287), saving model to '/home/pranav/Desktop/emg2qwerty/logs/2026-03-10/16-26-20/job2_trainer.devices=1,user=single_user_8/checkpoints/epoch=40-step=2542.ckpt' as top 1
Epoch 41, global step 2604: 'val/CER' was not in top 1
Epoch 42, global step 2666: 'val/CER' was not in top 1
Epoch 43, global step 2728: 'val/CER' was not in top 1
Epoch 44, global step 2790: 'val/CER' was not in top 1
Epoch 45, global step 2852: 'val/CER' reached 25.89721 (best 25.89721), saving model to '/home/pranav/Desktop/emg2qwerty/logs/2026-03-10/16-26-20/job2_trainer.devices=1,user=single_user_8/checkpoints/epoch=45-step=2852.ckpt' as top 1
Epoch 46, global step 2914: 'val/CER' was not in top 1
Epoch 47, global step 2976: 'val/CER' was not in top 1
Epoch 48, global step 3038: 'val/CER' was not in top 1
Epoch 49, global step 3100: 'val/CER' was not in top 1
Epoch 50, global step 3162: 'val/CER' reached 22.92867 (best 22.92867), saving model to '/home/pranav/Desktop/emg2qwerty/logs/2026-03-10/16-26-20/job2_trainer.devices=1,user=single_user_8/checkpoints/epoch=50-step=3162.ckpt' as top 1
Epoch 51, global step 3224: 'val/CER' was not in top 1
Epoch 52, global step 3286: 'val/CER' was not in top 1
Epoch 53, global step 3348: 'val/CER' was not in top 1
Epoch 54, global step 3410: 'val/CER' was not in top 1
Epoch 55, global step 3472: 'val/CER' was not in top 1
Epoch 56, global step 3534: 'val/CER' was not in top 1
Epoch 57, global step 3596: 'val/CER' was not in top 1
Epoch 58, global step 3658: 'val/CER' was not in top 1
Epoch 59, global step 3720: 'val/CER' was not in top 1
Epoch 60, global step 3782: 'val/CER' was not in top 1
Epoch 61, global step 3844: 'val/CER' was not in top 1
Epoch 62, global step 3906: 'val/CER' was not in top 1
Epoch 63, global step 3968: 'val/CER' reached 21.15640 (best 21.15640), saving model to '/home/pranav/Desktop/emg2qwerty/logs/2026-03-10/16-26-20/job2_trainer.devices=1,user=single_user_8/checkpoints/epoch=63-step=3968.ckpt' as top 1
Epoch 64, global step 4030: 'val/CER' was not in top 1
Epoch 65, global step 4092: 'val/CER' was not in top 1
Epoch 66, global step 4154: 'val/CER' was not in top 1
Epoch 67, global step 4216: 'val/CER' was not in top 1
Epoch 68, global step 4278: 'val/CER' was not in top 1
Epoch 69, global step 4340: 'val/CER' was not in top 1
Epoch 70, global step 4402: 'val/CER' was not in top 1
Epoch 71, global step 4464: 'val/CER' was not in top 1
Epoch 72, global step 4526: 'val/CER' reached 20.95702 (best 20.95702), saving model to '/home/pranav/Desktop/emg2qwerty/logs/2026-03-10/16-26-20/job2_trainer.devices=1,user=single_user_8/checkpoints/epoch=72-step=4526.ckpt' as top 1
Epoch 73, global step 4588: 'val/CER' was not in top 1
Epoch 74, global step 4650: 'val/CER' was not in top 1
Epoch 75, global step 4712: 'val/CER' was not in top 1
Epoch 76, global step 4774: 'val/CER' was not in top 1
Epoch 77, global step 4836: 'val/CER' was not in top 1
Epoch 78, global step 4898: 'val/CER' was not in top 1
Epoch 79, global step 4960: 'val/CER' was not in top 1
Epoch 80, global step 5022: 'val/CER' was not in top 1
Epoch 81, global step 5084: 'val/CER' was not in top 1
Epoch 82, global step 5146: 'val/CER' reached 19.93797 (best 19.93797), saving model to '/home/pranav/Desktop/emg2qwerty/logs/2026-03-10/16-26-20/job2_trainer.devices=1,user=single_user_8/checkpoints/epoch=82-step=5146.ckpt' as top 1
Epoch 83, global step 5208: 'val/CER' was not in top 1
Epoch 84, global step 5270: 'val/CER' was not in top 1
Epoch 85, global step 5332: 'val/CER' was not in top 1
Epoch 86, global step 5394: 'val/CER' reached 19.27337 (best 19.27337), saving model to '/home/pranav/Desktop/emg2qwerty/logs/2026-03-10/16-26-20/job2_trainer.devices=1,user=single_user_8/checkpoints/epoch=86-step=5394.ckpt' as top 1
Epoch 87, global step 5456: 'val/CER' was not in top 1
Epoch 88, global step 5518: 'val/CER' was not in top 1
Epoch 89, global step 5580: 'val/CER' was not in top 1
Epoch 90, global step 5642: 'val/CER' was not in top 1
Epoch 91, global step 5704: 'val/CER' was not in top 1
Epoch 92, global step 5766: 'val/CER' was not in top 1
Epoch 93, global step 5828: 'val/CER' was not in top 1
Epoch 94, global step 5890: 'val/CER' reached 18.71954 (best 18.71954), saving model to '/home/pranav/Desktop/emg2qwerty/logs/2026-03-10/16-26-20/job2_trainer.devices=1,user=single_user_8/checkpoints/epoch=94-step=5890.ckpt' as top 1
Epoch 95, global step 5952: 'val/CER' was not in top 1
Epoch 96, global step 6014: 'val/CER' was not in top 1
Epoch 97, global step 6076: 'val/CER' reached 18.60877 (best 18.60877), saving model to '/home/pranav/Desktop/emg2qwerty/logs/2026-03-10/16-26-20/job2_trainer.devices=1,user=single_user_8/checkpoints/epoch=97-step=6076.ckpt' as top 1
Epoch 98, global step 6138: 'val/CER' was not in top 1
Epoch 99, global step 6200: 'val/CER' was not in top 1
Epoch 100, global step 6262: 'val/CER' was not in top 1
Epoch 101, global step 6324: 'val/CER' was not in top 1
Epoch 102, global step 6386: 'val/CER' was not in top 1
Epoch 103, global step 6448: 'val/CER' was not in top 1
Epoch 104, global step 6510: 'val/CER' was not in top 1
Epoch 105, global step 6572: 'val/CER' was not in top 1
Epoch 106, global step 6634: 'val/CER' reached 18.58662 (best 18.58662), saving model to '/home/pranav/Desktop/emg2qwerty/logs/2026-03-10/16-26-20/job2_trainer.devices=1,user=single_user_8/checkpoints/epoch=106-step=6634.ckpt' as top 1
Epoch 107, global step 6696: 'val/CER' was not in top 1
Epoch 108, global step 6758: 'val/CER' was not in top 1
Epoch 109, global step 6820: 'val/CER' reached 18.27647 (best 18.27647), saving model to '/home/pranav/Desktop/emg2qwerty/logs/2026-03-10/16-26-20/job2_trainer.devices=1,user=single_user_8/checkpoints/epoch=109-step=6820.ckpt' as top 1
Epoch 110, global step 6882: 'val/CER' was not in top 1
Epoch 111, global step 6944: 'val/CER' was not in top 1
Epoch 112, global step 7006: 'val/CER' reached 18.14355 (best 18.14355), saving model to '/home/pranav/Desktop/emg2qwerty/logs/2026-03-10/16-26-20/job2_trainer.devices=1,user=single_user_8/checkpoints/epoch=112-step=7006.ckpt' as top 1
Epoch 113, global step 7068: 'val/CER' was not in top 1
Epoch 114, global step 7130: 'val/CER' was not in top 1
Epoch 115, global step 7192: 'val/CER' was not in top 1
Epoch 116, global step 7254: 'val/CER' was not in top 1
Epoch 117, global step 7316: 'val/CER' reached 18.09925 (best 18.09925), saving model to '/home/pranav/Desktop/emg2qwerty/logs/2026-03-10/16-26-20/job2_trainer.devices=1,user=single_user_8/checkpoints/epoch=117-step=7316.ckpt' as top 1
Epoch 118, global step 7378: 'val/CER' was not in top 1
Epoch 119, global step 7440: 'val/CER' reached 17.85556 (best 17.85556), saving model to '/home/pranav/Desktop/emg2qwerty/logs/2026-03-10/16-26-20/job2_trainer.devices=1,user=single_user_8/checkpoints/epoch=119-step=7440.ckpt' as top 1
Epoch 120, global step 7502: 'val/CER' reached 17.81125 (best 17.81125), saving model to '/home/pranav/Desktop/emg2qwerty/logs/2026-03-10/16-26-20/job2_trainer.devices=1,user=single_user_8/checkpoints/epoch=120-step=7502.ckpt' as top 1
Epoch 121, global step 7564: 'val/CER' was not in top 1
Epoch 122, global step 7626: 'val/CER' was not in top 1
Epoch 123, global step 7688: 'val/CER' reached 17.72264 (best 17.72264), saving model to '/home/pranav/Desktop/emg2qwerty/logs/2026-03-10/16-26-20/job2_trainer.devices=1,user=single_user_8/checkpoints/epoch=123-step=7688.ckpt' as top 1
Epoch 124, global step 7750: 'val/CER' was not in top 1
Epoch 125, global step 7812: 'val/CER' was not in top 1
Epoch 126, global step 7874: 'val/CER' reached 17.70049 (best 17.70049), saving model to '/home/pranav/Desktop/emg2qwerty/logs/2026-03-10/16-26-20/job2_trainer.devices=1,user=single_user_8/checkpoints/epoch=126-step=7874.ckpt' as top 1
Epoch 127, global step 7936: 'val/CER' was not in top 1
Epoch 128, global step 7998: 'val/CER' was not in top 1
Epoch 129, global step 8060: 'val/CER' was not in top 1
Epoch 130, global step 8122: 'val/CER' was not in top 1
Epoch 131, global step 8184: 'val/CER' was not in top 1
Epoch 132, global step 8246: 'val/CER' reached 17.39034 (best 17.39034), saving model to '/home/pranav/Desktop/emg2qwerty/logs/2026-03-10/16-26-20/job2_trainer.devices=1,user=single_user_8/checkpoints/epoch=132-step=8246.ckpt' as top 1
Epoch 133, global step 8308: 'val/CER' was not in top 1
Epoch 134, global step 8370: 'val/CER' was not in top 1
Epoch 135, global step 8432: 'val/CER' was not in top 1
Epoch 136, global step 8494: 'val/CER' reached 17.27958 (best 17.27958), saving model to '/home/pranav/Desktop/emg2qwerty/logs/2026-03-10/16-26-20/job2_trainer.devices=1,user=single_user_8/checkpoints/epoch=136-step=8494.ckpt' as top 1
Epoch 137, global step 8556: 'val/CER' was not in top 1
Epoch 138, global step 8618: 'val/CER' was not in top 1
Epoch 139, global step 8680: 'val/CER' was not in top 1
Epoch 140, global step 8742: 'val/CER' was not in top 1
Epoch 141, global step 8804: 'val/CER' was not in top 1
Epoch 142, global step 8866: 'val/CER' was not in top 1
Epoch 143, global step 8928: 'val/CER' was not in top 1
Epoch 144, global step 8990: 'val/CER' was not in top 1
Epoch 145, global step 9052: 'val/CER' was not in top 1
Epoch 146, global step 9114: 'val/CER' was not in top 1
Epoch 147, global step 9176: 'val/CER' was not in top 1
Epoch 148, global step 9238: 'val/CER' was not in top 1
Epoch 149, global step 9300: 'val/CER' was not in top 1
`Trainer.fit` stopped: `max_epochs=150` reached.
LOCAL_RANK: 0 - CUDA_VISIBLE_DEVICES: [0]
LOCAL_RANK: 0 - CUDA_VISIBLE_DEVICES: [0]
