Global seed set to 1501
GPU available: True (cuda), used: True
TPU available: False, using: 0 TPU cores
IPU available: False, using: 0 IPUs
HPU available: False, using: 0 HPUs
Missing logger folder: /home/pranav/Desktop/emg2qwerty/logs/2026-03-10/17-55-45/job1_logspec.hop_length=20,trainer.devices=1,user=single_user/lightning_logs
LOCAL_RANK: 0 - CUDA_VISIBLE_DEVICES: [0]
/home/pranav/miniconda3/envs/emg2qwerty/lib/python3.10/site-packages/pl_bolts/__init__.py:11: FutureWarning: In the future `np.object` will be defined as the corresponding NumPy scalar.
  if not hasattr(numpy, tp_name):
/home/pranav/miniconda3/envs/emg2qwerty/lib/python3.10/site-packages/pl_bolts/__init__.py:11: FutureWarning: In the future `np.bool` will be defined as the corresponding NumPy scalar.
  if not hasattr(numpy, tp_name):
/home/pranav/miniconda3/envs/emg2qwerty/lib/python3.10/site-packages/pl_bolts/models/self_supervised/amdim/amdim_module.py:34: UnderReviewWarning: The feature generate_power_seq is currently marked under review. The compatibility with other Lightning projects is not guaranteed and API may change at any time. The API and functionality may change without warning in future releases. More details: https://lightning-bolts.readthedocs.io/en/latest/stability.html
  "lr_options": generate_power_seq(LEARNING_RATE_CIFAR, 11),
/home/pranav/miniconda3/envs/emg2qwerty/lib/python3.10/site-packages/pl_bolts/models/self_supervised/amdim/amdim_module.py:92: UnderReviewWarning: The feature FeatureMapContrastiveTask is currently marked under review. The compatibility with other Lightning projects is not guaranteed and API may change at any time. The API and functionality may change without warning in future releases. More details: https://lightning-bolts.readthedocs.io/en/latest/stability.html
  contrastive_task: Union[FeatureMapContrastiveTask] = FeatureMapContrastiveTask("01, 02, 11"),
/home/pranav/miniconda3/envs/emg2qwerty/lib/python3.10/site-packages/pl_bolts/losses/self_supervised_learning.py:228: UnderReviewWarning: The feature AmdimNCELoss is currently marked under review. The compatibility with other Lightning projects is not guaranteed and API may change at any time. The API and functionality may change without warning in future releases. More details: https://lightning-bolts.readthedocs.io/en/latest/stability.html
  self.nce_loss = AmdimNCELoss(tclip)
/home/pranav/miniconda3/envs/emg2qwerty/lib/python3.10/site-packages/hydra/_internal/instantiate/_instantiate2.py:92: UnderReviewWarning: The feature LinearWarmupCosineAnnealingLR is currently marked under review. The compatibility with other Lightning projects is not guaranteed and API may change at any time. The API and functionality may change without warning in future releases. More details: https://lightning-bolts.readthedocs.io/en/latest/stability.html
  return _target_(*args, **kwargs)

  | Name         | Type                          | Params
---------------------------------------------------------------
0 | spec_norm    | SpectrogramNorm               | 64    
1 | mlp          | MultiBandRotationInvariantMLP | 406 K 
2 | flatten      | Flatten                       | 0     
3 | cnn          | Sequential                    | 1.3 M 
4 | lstm         | LSTM                          | 3.9 M 
5 | lstm_dropout | Dropout                       | 0     
6 | classifier   | Sequential                    | 63.5 K
7 | ctc_loss     | CTCLoss                       | 0     
8 | metrics      | ModuleDict                    | 0     
---------------------------------------------------------------
5.7 M     Trainable params
0         Non-trainable params
5.7 M     Total params
22.898    Total estimated model params size (MB)
/home/pranav/miniconda3/envs/emg2qwerty/lib/python3.10/site-packages/torch/nn/modules/conv.py:306: UserWarning: Plan failed with a cudnnException: CUDNN_BACKEND_EXECUTION_PLAN_DESCRIPTOR: cudnnFinalize Descriptor Failed cudnn_status: CUDNN_STATUS_NOT_SUPPORTED (Triggered internally at ../aten/src/ATen/native/cudnn/Conv_v8.cpp:919.)
  return F.conv1d(input, weight, bias, self.stride,
Epoch 0, global step 120: 'val/CER' reached 976.80548 (best 976.80548), saving model to '/home/pranav/Desktop/emg2qwerty/logs/2026-03-10/17-55-45/job1_logspec.hop_length=20,trainer.devices=1,user=single_user/checkpoints/epoch=0-step=120.ckpt' as top 1
Epoch 1, global step 240: 'val/CER' reached 100.00000 (best 100.00000), saving model to '/home/pranav/Desktop/emg2qwerty/logs/2026-03-10/17-55-45/job1_logspec.hop_length=20,trainer.devices=1,user=single_user/checkpoints/epoch=1-step=240.ckpt' as top 1
Epoch 2, global step 360: 'val/CER' was not in top 1
Epoch 3, global step 480: 'val/CER' was not in top 1
Epoch 4, global step 600: 'val/CER' was not in top 1
Epoch 5, global step 720: 'val/CER' was not in top 1
Epoch 6, global step 840: 'val/CER' was not in top 1
Epoch 7, global step 960: 'val/CER' was not in top 1
Epoch 8, global step 1080: 'val/CER' reached 93.02171 (best 93.02171), saving model to '/home/pranav/Desktop/emg2qwerty/logs/2026-03-10/17-55-45/job1_logspec.hop_length=20,trainer.devices=1,user=single_user/checkpoints/epoch=8-step=1080.ckpt' as top 1
Epoch 9, global step 1200: 'val/CER' reached 76.18520 (best 76.18520), saving model to '/home/pranav/Desktop/emg2qwerty/logs/2026-03-10/17-55-45/job1_logspec.hop_length=20,trainer.devices=1,user=single_user/checkpoints/epoch=9-step=1200.ckpt' as top 1
Epoch 10, global step 1320: 'val/CER' reached 52.70270 (best 52.70270), saving model to '/home/pranav/Desktop/emg2qwerty/logs/2026-03-10/17-55-45/job1_logspec.hop_length=20,trainer.devices=1,user=single_user/checkpoints/epoch=10-step=1320.ckpt' as top 1
Epoch 11, global step 1440: 'val/CER' reached 42.04697 (best 42.04697), saving model to '/home/pranav/Desktop/emg2qwerty/logs/2026-03-10/17-55-45/job1_logspec.hop_length=20,trainer.devices=1,user=single_user/checkpoints/epoch=11-step=1440.ckpt' as top 1
Epoch 12, global step 1560: 'val/CER' reached 37.90430 (best 37.90430), saving model to '/home/pranav/Desktop/emg2qwerty/logs/2026-03-10/17-55-45/job1_logspec.hop_length=20,trainer.devices=1,user=single_user/checkpoints/epoch=12-step=1560.ckpt' as top 1
Epoch 13, global step 1680: 'val/CER' reached 37.52769 (best 37.52769), saving model to '/home/pranav/Desktop/emg2qwerty/logs/2026-03-10/17-55-45/job1_logspec.hop_length=20,trainer.devices=1,user=single_user/checkpoints/epoch=13-step=1680.ckpt' as top 1
Epoch 14, global step 1800: 'val/CER' was not in top 1
Epoch 15, global step 1920: 'val/CER' was not in top 1
Epoch 16, global step 2040: 'val/CER' reached 34.53699 (best 34.53699), saving model to '/home/pranav/Desktop/emg2qwerty/logs/2026-03-10/17-55-45/job1_logspec.hop_length=20,trainer.devices=1,user=single_user/checkpoints/epoch=16-step=2040.ckpt' as top 1
Epoch 17, global step 2160: 'val/CER' was not in top 1
Epoch 18, global step 2280: 'val/CER' reached 33.62871 (best 33.62871), saving model to '/home/pranav/Desktop/emg2qwerty/logs/2026-03-10/17-55-45/job1_logspec.hop_length=20,trainer.devices=1,user=single_user/checkpoints/epoch=18-step=2280.ckpt' as top 1
Epoch 19, global step 2400: 'val/CER' was not in top 1
Epoch 20, global step 2520: 'val/CER' was not in top 1
Epoch 21, global step 2640: 'val/CER' reached 29.06513 (best 29.06513), saving model to '/home/pranav/Desktop/emg2qwerty/logs/2026-03-10/17-55-45/job1_logspec.hop_length=20,trainer.devices=1,user=single_user/checkpoints/epoch=21-step=2640.ckpt' as top 1
Epoch 22, global step 2760: 'val/CER' was not in top 1
Epoch 23, global step 2880: 'val/CER' reached 28.11254 (best 28.11254), saving model to '/home/pranav/Desktop/emg2qwerty/logs/2026-03-10/17-55-45/job1_logspec.hop_length=20,trainer.devices=1,user=single_user/checkpoints/epoch=23-step=2880.ckpt' as top 1
Epoch 24, global step 3000: 'val/CER' reached 27.27071 (best 27.27071), saving model to '/home/pranav/Desktop/emg2qwerty/logs/2026-03-10/17-55-45/job1_logspec.hop_length=20,trainer.devices=1,user=single_user/checkpoints/epoch=24-step=3000.ckpt' as top 1
Epoch 25, global step 3120: 'val/CER' was not in top 1
Epoch 26, global step 3240: 'val/CER' was not in top 1
Epoch 27, global step 3360: 'val/CER' reached 26.27382 (best 26.27382), saving model to '/home/pranav/Desktop/emg2qwerty/logs/2026-03-10/17-55-45/job1_logspec.hop_length=20,trainer.devices=1,user=single_user/checkpoints/epoch=27-step=3360.ckpt' as top 1
Epoch 28, global step 3480: 'val/CER' was not in top 1
Epoch 29, global step 3600: 'val/CER' was not in top 1
Epoch 30, global step 3720: 'val/CER' was not in top 1
Epoch 31, global step 3840: 'val/CER' reached 26.03013 (best 26.03013), saving model to '/home/pranav/Desktop/emg2qwerty/logs/2026-03-10/17-55-45/job1_logspec.hop_length=20,trainer.devices=1,user=single_user/checkpoints/epoch=31-step=3840.ckpt' as top 1
Epoch 32, global step 3960: 'val/CER' was not in top 1
Epoch 33, global step 4080: 'val/CER' was not in top 1
Epoch 34, global step 4200: 'val/CER' was not in top 1
Epoch 35, global step 4320: 'val/CER' reached 22.19761 (best 22.19761), saving model to '/home/pranav/Desktop/emg2qwerty/logs/2026-03-10/17-55-45/job1_logspec.hop_length=20,trainer.devices=1,user=single_user/checkpoints/epoch=35-step=4320.ckpt' as top 1
Epoch 36, global step 4440: 'val/CER' was not in top 1
Epoch 37, global step 4560: 'val/CER' was not in top 1
Epoch 38, global step 4680: 'val/CER' was not in top 1
Epoch 39, global step 4800: 'val/CER' was not in top 1
Epoch 40, global step 4920: 'val/CER' was not in top 1
Epoch 41, global step 5040: 'val/CER' was not in top 1
Epoch 42, global step 5160: 'val/CER' was not in top 1
Epoch 43, global step 5280: 'val/CER' was not in top 1
Epoch 44, global step 5400: 'val/CER' was not in top 1
Epoch 45, global step 5520: 'val/CER' was not in top 1
Epoch 46, global step 5640: 'val/CER' was not in top 1
Epoch 47, global step 5760: 'val/CER' was not in top 1
Epoch 48, global step 5880: 'val/CER' was not in top 1
Epoch 49, global step 6000: 'val/CER' was not in top 1
Epoch 50, global step 6120: 'val/CER' was not in top 1
Epoch 51, global step 6240: 'val/CER' was not in top 1
Epoch 52, global step 6360: 'val/CER' reached 21.88746 (best 21.88746), saving model to '/home/pranav/Desktop/emg2qwerty/logs/2026-03-10/17-55-45/job1_logspec.hop_length=20,trainer.devices=1,user=single_user/checkpoints/epoch=52-step=6360.ckpt' as top 1
Epoch 53, global step 6480: 'val/CER' was not in top 1
Epoch 54, global step 6600: 'val/CER' was not in top 1
Epoch 55, global step 6720: 'val/CER' reached 21.62162 (best 21.62162), saving model to '/home/pranav/Desktop/emg2qwerty/logs/2026-03-10/17-55-45/job1_logspec.hop_length=20,trainer.devices=1,user=single_user/checkpoints/epoch=55-step=6720.ckpt' as top 1
Epoch 56, global step 6840: 'val/CER' was not in top 1
Epoch 57, global step 6960: 'val/CER' was not in top 1
Epoch 58, global step 7080: 'val/CER' was not in top 1
Epoch 59, global step 7200: 'val/CER' was not in top 1
Epoch 60, global step 7320: 'val/CER' reached 19.64998 (best 19.64998), saving model to '/home/pranav/Desktop/emg2qwerty/logs/2026-03-10/17-55-45/job1_logspec.hop_length=20,trainer.devices=1,user=single_user/checkpoints/epoch=60-step=7320.ckpt' as top 1
Epoch 61, global step 7440: 'val/CER' was not in top 1
Epoch 62, global step 7560: 'val/CER' reached 19.42844 (best 19.42844), saving model to '/home/pranav/Desktop/emg2qwerty/logs/2026-03-10/17-55-45/job1_logspec.hop_length=20,trainer.devices=1,user=single_user/checkpoints/epoch=62-step=7560.ckpt' as top 1
Epoch 63, global step 7680: 'val/CER' reached 19.31768 (best 19.31768), saving model to '/home/pranav/Desktop/emg2qwerty/logs/2026-03-10/17-55-45/job1_logspec.hop_length=20,trainer.devices=1,user=single_user/checkpoints/epoch=63-step=7680.ckpt' as top 1
Epoch 64, global step 7800: 'val/CER' was not in top 1
Epoch 65, global step 7920: 'val/CER' was not in top 1
Epoch 66, global step 8040: 'val/CER' was not in top 1
Epoch 67, global step 8160: 'val/CER' was not in top 1
Epoch 68, global step 8280: 'val/CER' was not in top 1
Epoch 69, global step 8400: 'val/CER' was not in top 1
Epoch 70, global step 8520: 'val/CER' was not in top 1
Epoch 71, global step 8640: 'val/CER' reached 19.09615 (best 19.09615), saving model to '/home/pranav/Desktop/emg2qwerty/logs/2026-03-10/17-55-45/job1_logspec.hop_length=20,trainer.devices=1,user=single_user/checkpoints/epoch=71-step=8640.ckpt' as top 1
Epoch 72, global step 8760: 'val/CER' was not in top 1
Epoch 73, global step 8880: 'val/CER' was not in top 1
Epoch 74, global step 9000: 'val/CER' was not in top 1
Epoch 75, global step 9120: 'val/CER' was not in top 1
Epoch 76, global step 9240: 'val/CER' reached 18.94107 (best 18.94107), saving model to '/home/pranav/Desktop/emg2qwerty/logs/2026-03-10/17-55-45/job1_logspec.hop_length=20,trainer.devices=1,user=single_user/checkpoints/epoch=76-step=9240.ckpt' as top 1
Epoch 77, global step 9360: 'val/CER' reached 18.12140 (best 18.12140), saving model to '/home/pranav/Desktop/emg2qwerty/logs/2026-03-10/17-55-45/job1_logspec.hop_length=20,trainer.devices=1,user=single_user/checkpoints/epoch=77-step=9360.ckpt' as top 1
Epoch 78, global step 9480: 'val/CER' was not in top 1
Epoch 79, global step 9600: 'val/CER' was not in top 1
Epoch 80, global step 9720: 'val/CER' was not in top 1
Epoch 81, global step 9840: 'val/CER' was not in top 1
Epoch 82, global step 9960: 'val/CER' was not in top 1
Epoch 83, global step 10080: 'val/CER' was not in top 1
Epoch 84, global step 10200: 'val/CER' was not in top 1
Epoch 85, global step 10320: 'val/CER' was not in top 1
Epoch 86, global step 10440: 'val/CER' was not in top 1
Epoch 87, global step 10560: 'val/CER' was not in top 1
Epoch 88, global step 10680: 'val/CER' was not in top 1
Epoch 89, global step 10800: 'val/CER' was not in top 1
Epoch 90, global step 10920: 'val/CER' was not in top 1
Epoch 91, global step 11040: 'val/CER' was not in top 1
Epoch 92, global step 11160: 'val/CER' was not in top 1
Epoch 93, global step 11280: 'val/CER' was not in top 1
Epoch 94, global step 11400: 'val/CER' was not in top 1
Epoch 95, global step 11520: 'val/CER' was not in top 1
Epoch 96, global step 11640: 'val/CER' was not in top 1
Epoch 97, global step 11760: 'val/CER' was not in top 1
Epoch 98, global step 11880: 'val/CER' was not in top 1
Epoch 99, global step 12000: 'val/CER' was not in top 1
Epoch 100, global step 12120: 'val/CER' was not in top 1
Epoch 101, global step 12240: 'val/CER' was not in top 1
Epoch 102, global step 12360: 'val/CER' was not in top 1
Epoch 103, global step 12480: 'val/CER' was not in top 1
Epoch 104, global step 12600: 'val/CER' reached 17.61187 (best 17.61187), saving model to '/home/pranav/Desktop/emg2qwerty/logs/2026-03-10/17-55-45/job1_logspec.hop_length=20,trainer.devices=1,user=single_user/checkpoints/epoch=104-step=12600.ckpt' as top 1
Epoch 105, global step 12720: 'val/CER' was not in top 1
Epoch 106, global step 12840: 'val/CER' was not in top 1
Epoch 107, global step 12960: 'val/CER' was not in top 1
Epoch 108, global step 13080: 'val/CER' was not in top 1
Epoch 109, global step 13200: 'val/CER' was not in top 1
Epoch 110, global step 13320: 'val/CER' was not in top 1
Epoch 111, global step 13440: 'val/CER' reached 17.54541 (best 17.54541), saving model to '/home/pranav/Desktop/emg2qwerty/logs/2026-03-10/17-55-45/job1_logspec.hop_length=20,trainer.devices=1,user=single_user/checkpoints/epoch=111-step=13440.ckpt' as top 1
Epoch 112, global step 13560: 'val/CER' reached 17.30173 (best 17.30173), saving model to '/home/pranav/Desktop/emg2qwerty/logs/2026-03-10/17-55-45/job1_logspec.hop_length=20,trainer.devices=1,user=single_user/checkpoints/epoch=112-step=13560.ckpt' as top 1
Epoch 113, global step 13680: 'val/CER' was not in top 1
Epoch 114, global step 13800: 'val/CER' was not in top 1
Epoch 115, global step 13920: 'val/CER' was not in top 1
Epoch 116, global step 14040: 'val/CER' was not in top 1
Epoch 117, global step 14160: 'val/CER' was not in top 1
Epoch 118, global step 14280: 'val/CER' was not in top 1
Epoch 119, global step 14400: 'val/CER' was not in top 1
Epoch 120, global step 14520: 'val/CER' was not in top 1
Epoch 121, global step 14640: 'val/CER' was not in top 1
Epoch 122, global step 14760: 'val/CER' was not in top 1
Epoch 123, global step 14880: 'val/CER' was not in top 1
Epoch 124, global step 15000: 'val/CER' was not in top 1
Epoch 125, global step 15120: 'val/CER' was not in top 1
Epoch 126, global step 15240: 'val/CER' was not in top 1
Epoch 127, global step 15360: 'val/CER' was not in top 1
Epoch 128, global step 15480: 'val/CER' was not in top 1
Epoch 129, global step 15600: 'val/CER' was not in top 1
Epoch 130, global step 15720: 'val/CER' was not in top 1
Epoch 131, global step 15840: 'val/CER' was not in top 1
Epoch 132, global step 15960: 'val/CER' was not in top 1
/home/pranav/miniconda3/envs/emg2qwerty/lib/python3.10/site-packages/pytorch_lightning/trainer/call.py:48: UserWarning: Detected KeyboardInterrupt, attempting graceful shutdown...
  rank_zero_warn("Detected KeyboardInterrupt, attempting graceful shutdown...")
