Global seed set to 1501
GPU available: True (cuda), used: True
TPU available: False, using: 0 TPU cores
IPU available: False, using: 0 IPUs
HPU available: False, using: 0 HPUs
Missing logger folder: /home/pranav/Desktop/emg2qwerty/logs/2026-03-07/09-40-37/job2_module.dropout=0.15,trainer.devices=1,trainer.max_epochs=50,user=single_user/lightning_logs
LOCAL_RANK: 0 - CUDA_VISIBLE_DEVICES: [0]
/home/pranav/miniconda3/envs/emg2qwerty/lib/python3.10/site-packages/pl_bolts/__init__.py:11: FutureWarning: In the future `np.object` will be defined as the corresponding NumPy scalar.
  if not hasattr(numpy, tp_name):
/home/pranav/miniconda3/envs/emg2qwerty/lib/python3.10/site-packages/pl_bolts/__init__.py:11: FutureWarning: In the future `np.bool` will be defined as the corresponding NumPy scalar.
  if not hasattr(numpy, tp_name):
/home/pranav/miniconda3/envs/emg2qwerty/lib/python3.10/site-packages/pl_bolts/models/self_supervised/amdim/amdim_module.py:34: UnderReviewWarning: The feature generate_power_seq is currently marked under review. The compatibility with other Lightning projects is not guaranteed and API may change at any time. The API and functionality may change without warning in future releases. More details: https://lightning-bolts.readthedocs.io/en/latest/stability.html
  "lr_options": generate_power_seq(LEARNING_RATE_CIFAR, 11),
/home/pranav/miniconda3/envs/emg2qwerty/lib/python3.10/site-packages/pl_bolts/models/self_supervised/amdim/amdim_module.py:92: UnderReviewWarning: The feature FeatureMapContrastiveTask is currently marked under review. The compatibility with other Lightning projects is not guaranteed and API may change at any time. The API and functionality may change without warning in future releases. More details: https://lightning-bolts.readthedocs.io/en/latest/stability.html
  contrastive_task: Union[FeatureMapContrastiveTask] = FeatureMapContrastiveTask("01, 02, 11"),
/home/pranav/miniconda3/envs/emg2qwerty/lib/python3.10/site-packages/pl_bolts/losses/self_supervised_learning.py:228: UnderReviewWarning: The feature AmdimNCELoss is currently marked under review. The compatibility with other Lightning projects is not guaranteed and API may change at any time. The API and functionality may change without warning in future releases. More details: https://lightning-bolts.readthedocs.io/en/latest/stability.html
  self.nce_loss = AmdimNCELoss(tclip)
/home/pranav/miniconda3/envs/emg2qwerty/lib/python3.10/site-packages/hydra/_internal/instantiate/_instantiate2.py:92: UnderReviewWarning: The feature LinearWarmupCosineAnnealingLR is currently marked under review. The compatibility with other Lightning projects is not guaranteed and API may change at any time. The API and functionality may change without warning in future releases. More details: https://lightning-bolts.readthedocs.io/en/latest/stability.html
  return _target_(*args, **kwargs)

  | Name       | Type                          | Params
-------------------------------------------------------------
0 | spec_norm  | SpectrogramNorm               | 64    
1 | mlp        | MultiBandRotationInvariantMLP | 406 K 
2 | flatten    | Flatten                       | 0     
3 | rnn        | LSTM                          | 17.9 M
4 | dropout    | Dropout                       | 0     
5 | classifier | Sequential                    | 101 K 
6 | ctc_loss   | CTCLoss                       | 0     
7 | metrics    | ModuleDict                    | 0     
-------------------------------------------------------------
18.4 M    Trainable params
0         Non-trainable params
18.4 M    Total params
73.433    Total estimated model params size (MB)
Epoch 0, global step 120: 'val/CER' reached 95.41427 (best 95.41427), saving model to '/home/pranav/Desktop/emg2qwerty/logs/2026-03-07/09-40-37/job2_module.dropout=0.15,trainer.devices=1,trainer.max_epochs=50,user=single_user/checkpoints/epoch=0-step=120.ckpt' as top 1
Epoch 1, global step 240: 'val/CER' was not in top 1
Epoch 2, global step 360: 'val/CER' was not in top 1
Epoch 3, global step 480: 'val/CER' was not in top 1
Epoch 4, global step 600: 'val/CER' was not in top 1
Epoch 5, global step 720: 'val/CER' was not in top 1
Epoch 6, global step 840: 'val/CER' was not in top 1
Epoch 7, global step 960: 'val/CER' was not in top 1
Epoch 8, global step 1080: 'val/CER' was not in top 1
Epoch 9, global step 1200: 'val/CER' was not in top 1
Epoch 10, global step 1320: 'val/CER' was not in top 1
Epoch 11, global step 1440: 'val/CER' was not in top 1
Epoch 12, global step 1560: 'val/CER' was not in top 1
Epoch 13, global step 1680: 'val/CER' was not in top 1
Epoch 14, global step 1800: 'val/CER' was not in top 1
Epoch 15, global step 1920: 'val/CER' was not in top 1
Epoch 16, global step 2040: 'val/CER' reached 95.03766 (best 95.03766), saving model to '/home/pranav/Desktop/emg2qwerty/logs/2026-03-07/09-40-37/job2_module.dropout=0.15,trainer.devices=1,trainer.max_epochs=50,user=single_user/checkpoints/epoch=16-step=2040.ckpt' as top 1
Epoch 17, global step 2160: 'val/CER' reached 89.03412 (best 89.03412), saving model to '/home/pranav/Desktop/emg2qwerty/logs/2026-03-07/09-40-37/job2_module.dropout=0.15,trainer.devices=1,trainer.max_epochs=50,user=single_user/checkpoints/epoch=17-step=2160.ckpt' as top 1
Epoch 18, global step 2280: 'val/CER' reached 83.71732 (best 83.71732), saving model to '/home/pranav/Desktop/emg2qwerty/logs/2026-03-07/09-40-37/job2_module.dropout=0.15,trainer.devices=1,trainer.max_epochs=50,user=single_user/checkpoints/epoch=18-step=2280.ckpt' as top 1
Epoch 19, global step 2400: 'val/CER' reached 74.23571 (best 74.23571), saving model to '/home/pranav/Desktop/emg2qwerty/logs/2026-03-07/09-40-37/job2_module.dropout=0.15,trainer.devices=1,trainer.max_epochs=50,user=single_user/checkpoints/epoch=19-step=2400.ckpt' as top 1
Epoch 20, global step 2520: 'val/CER' reached 62.78246 (best 62.78246), saving model to '/home/pranav/Desktop/emg2qwerty/logs/2026-03-07/09-40-37/job2_module.dropout=0.15,trainer.devices=1,trainer.max_epochs=50,user=single_user/checkpoints/epoch=20-step=2520.ckpt' as top 1
Epoch 21, global step 2640: 'val/CER' reached 43.22109 (best 43.22109), saving model to '/home/pranav/Desktop/emg2qwerty/logs/2026-03-07/09-40-37/job2_module.dropout=0.15,trainer.devices=1,trainer.max_epochs=50,user=single_user/checkpoints/epoch=21-step=2640.ckpt' as top 1
Epoch 22, global step 2760: 'val/CER' reached 38.90120 (best 38.90120), saving model to '/home/pranav/Desktop/emg2qwerty/logs/2026-03-07/09-40-37/job2_module.dropout=0.15,trainer.devices=1,trainer.max_epochs=50,user=single_user/checkpoints/epoch=22-step=2760.ckpt' as top 1
Epoch 23, global step 2880: 'val/CER' reached 34.22685 (best 34.22685), saving model to '/home/pranav/Desktop/emg2qwerty/logs/2026-03-07/09-40-37/job2_module.dropout=0.15,trainer.devices=1,trainer.max_epochs=50,user=single_user/checkpoints/epoch=23-step=2880.ckpt' as top 1
Epoch 24, global step 3000: 'val/CER' reached 33.40718 (best 33.40718), saving model to '/home/pranav/Desktop/emg2qwerty/logs/2026-03-07/09-40-37/job2_module.dropout=0.15,trainer.devices=1,trainer.max_epochs=50,user=single_user/checkpoints/epoch=24-step=3000.ckpt' as top 1
Epoch 25, global step 3120: 'val/CER' reached 30.39433 (best 30.39433), saving model to '/home/pranav/Desktop/emg2qwerty/logs/2026-03-07/09-40-37/job2_module.dropout=0.15,trainer.devices=1,trainer.max_epochs=50,user=single_user/checkpoints/epoch=25-step=3120.ckpt' as top 1
Epoch 26, global step 3240: 'val/CER' reached 30.21710 (best 30.21710), saving model to '/home/pranav/Desktop/emg2qwerty/logs/2026-03-07/09-40-37/job2_module.dropout=0.15,trainer.devices=1,trainer.max_epochs=50,user=single_user/checkpoints/epoch=26-step=3240.ckpt' as top 1
Epoch 27, global step 3360: 'val/CER' reached 29.53035 (best 29.53035), saving model to '/home/pranav/Desktop/emg2qwerty/logs/2026-03-07/09-40-37/job2_module.dropout=0.15,trainer.devices=1,trainer.max_epochs=50,user=single_user/checkpoints/epoch=27-step=3360.ckpt' as top 1
Epoch 28, global step 3480: 'val/CER' reached 26.67257 (best 26.67257), saving model to '/home/pranav/Desktop/emg2qwerty/logs/2026-03-07/09-40-37/job2_module.dropout=0.15,trainer.devices=1,trainer.max_epochs=50,user=single_user/checkpoints/epoch=28-step=3480.ckpt' as top 1
Epoch 29, global step 3600: 'val/CER' reached 24.96677 (best 24.96677), saving model to '/home/pranav/Desktop/emg2qwerty/logs/2026-03-07/09-40-37/job2_module.dropout=0.15,trainer.devices=1,trainer.max_epochs=50,user=single_user/checkpoints/epoch=29-step=3600.ckpt' as top 1
Epoch 30, global step 3720: 'val/CER' reached 24.21356 (best 24.21356), saving model to '/home/pranav/Desktop/emg2qwerty/logs/2026-03-07/09-40-37/job2_module.dropout=0.15,trainer.devices=1,trainer.max_epochs=50,user=single_user/checkpoints/epoch=30-step=3720.ckpt' as top 1
Epoch 31, global step 3840: 'val/CER' reached 24.19140 (best 24.19140), saving model to '/home/pranav/Desktop/emg2qwerty/logs/2026-03-07/09-40-37/job2_module.dropout=0.15,trainer.devices=1,trainer.max_epochs=50,user=single_user/checkpoints/epoch=31-step=3840.ckpt' as top 1
Epoch 32, global step 3960: 'val/CER' reached 23.15020 (best 23.15020), saving model to '/home/pranav/Desktop/emg2qwerty/logs/2026-03-07/09-40-37/job2_module.dropout=0.15,trainer.devices=1,trainer.max_epochs=50,user=single_user/checkpoints/epoch=32-step=3960.ckpt' as top 1
Epoch 33, global step 4080: 'val/CER' reached 21.84315 (best 21.84315), saving model to '/home/pranav/Desktop/emg2qwerty/logs/2026-03-07/09-40-37/job2_module.dropout=0.15,trainer.devices=1,trainer.max_epochs=50,user=single_user/checkpoints/epoch=33-step=4080.ckpt' as top 1
Epoch 34, global step 4200: 'val/CER' was not in top 1
Epoch 35, global step 4320: 'val/CER' reached 20.02658 (best 20.02658), saving model to '/home/pranav/Desktop/emg2qwerty/logs/2026-03-07/09-40-37/job2_module.dropout=0.15,trainer.devices=1,trainer.max_epochs=50,user=single_user/checkpoints/epoch=35-step=4320.ckpt' as top 1
Epoch 36, global step 4440: 'val/CER' reached 19.89366 (best 19.89366), saving model to '/home/pranav/Desktop/emg2qwerty/logs/2026-03-07/09-40-37/job2_module.dropout=0.15,trainer.devices=1,trainer.max_epochs=50,user=single_user/checkpoints/epoch=36-step=4440.ckpt' as top 1
Epoch 37, global step 4560: 'val/CER' was not in top 1
Epoch 38, global step 4680: 'val/CER' reached 19.20691 (best 19.20691), saving model to '/home/pranav/Desktop/emg2qwerty/logs/2026-03-07/09-40-37/job2_module.dropout=0.15,trainer.devices=1,trainer.max_epochs=50,user=single_user/checkpoints/epoch=38-step=4680.ckpt' as top 1
Epoch 39, global step 4800: 'val/CER' was not in top 1
Epoch 40, global step 4920: 'val/CER' reached 18.01063 (best 18.01063), saving model to '/home/pranav/Desktop/emg2qwerty/logs/2026-03-07/09-40-37/job2_module.dropout=0.15,trainer.devices=1,trainer.max_epochs=50,user=single_user/checkpoints/epoch=40-step=4920.ckpt' as top 1
Epoch 41, global step 5040: 'val/CER' was not in top 1
Epoch 42, global step 5160: 'val/CER' was not in top 1
Epoch 43, global step 5280: 'val/CER' reached 17.56757 (best 17.56757), saving model to '/home/pranav/Desktop/emg2qwerty/logs/2026-03-07/09-40-37/job2_module.dropout=0.15,trainer.devices=1,trainer.max_epochs=50,user=single_user/checkpoints/epoch=43-step=5280.ckpt' as top 1
Epoch 44, global step 5400: 'val/CER' reached 17.32388 (best 17.32388), saving model to '/home/pranav/Desktop/emg2qwerty/logs/2026-03-07/09-40-37/job2_module.dropout=0.15,trainer.devices=1,trainer.max_epochs=50,user=single_user/checkpoints/epoch=44-step=5400.ckpt' as top 1
Epoch 45, global step 5520: 'val/CER' reached 16.72574 (best 16.72574), saving model to '/home/pranav/Desktop/emg2qwerty/logs/2026-03-07/09-40-37/job2_module.dropout=0.15,trainer.devices=1,trainer.max_epochs=50,user=single_user/checkpoints/epoch=45-step=5520.ckpt' as top 1
Epoch 46, global step 5640: 'val/CER' was not in top 1
Epoch 47, global step 5760: 'val/CER' was not in top 1
Epoch 48, global step 5880: 'val/CER' was not in top 1
Epoch 49, global step 6000: 'val/CER' was not in top 1
`Trainer.fit` stopped: `max_epochs=50` reached.
LOCAL_RANK: 0 - CUDA_VISIBLE_DEVICES: [0]
LOCAL_RANK: 0 - CUDA_VISIBLE_DEVICES: [0]
