Global seed set to 1501
GPU available: True (cuda), used: True
TPU available: False, using: 0 TPU cores
IPU available: False, using: 0 IPUs
HPU available: False, using: 0 HPUs
Missing logger folder: /home/pranav/Desktop/emg2qwerty/logs/2026-03-10/17-55-45/job3_logspec.hop_length=14,trainer.devices=1,user=single_user/lightning_logs
LOCAL_RANK: 0 - CUDA_VISIBLE_DEVICES: [0]
/home/pranav/miniconda3/envs/emg2qwerty/lib/python3.10/site-packages/pl_bolts/__init__.py:11: FutureWarning: In the future `np.object` will be defined as the corresponding NumPy scalar.
  if not hasattr(numpy, tp_name):
/home/pranav/miniconda3/envs/emg2qwerty/lib/python3.10/site-packages/pl_bolts/__init__.py:11: FutureWarning: In the future `np.bool` will be defined as the corresponding NumPy scalar.
  if not hasattr(numpy, tp_name):
/home/pranav/miniconda3/envs/emg2qwerty/lib/python3.10/site-packages/pl_bolts/models/self_supervised/amdim/amdim_module.py:34: UnderReviewWarning: The feature generate_power_seq is currently marked under review. The compatibility with other Lightning projects is not guaranteed and API may change at any time. The API and functionality may change without warning in future releases. More details: https://lightning-bolts.readthedocs.io/en/latest/stability.html
  "lr_options": generate_power_seq(LEARNING_RATE_CIFAR, 11),
/home/pranav/miniconda3/envs/emg2qwerty/lib/python3.10/site-packages/pl_bolts/models/self_supervised/amdim/amdim_module.py:92: UnderReviewWarning: The feature FeatureMapContrastiveTask is currently marked under review. The compatibility with other Lightning projects is not guaranteed and API may change at any time. The API and functionality may change without warning in future releases. More details: https://lightning-bolts.readthedocs.io/en/latest/stability.html
  contrastive_task: Union[FeatureMapContrastiveTask] = FeatureMapContrastiveTask("01, 02, 11"),
/home/pranav/miniconda3/envs/emg2qwerty/lib/python3.10/site-packages/pl_bolts/losses/self_supervised_learning.py:228: UnderReviewWarning: The feature AmdimNCELoss is currently marked under review. The compatibility with other Lightning projects is not guaranteed and API may change at any time. The API and functionality may change without warning in future releases. More details: https://lightning-bolts.readthedocs.io/en/latest/stability.html
  self.nce_loss = AmdimNCELoss(tclip)
/home/pranav/miniconda3/envs/emg2qwerty/lib/python3.10/site-packages/hydra/_internal/instantiate/_instantiate2.py:92: UnderReviewWarning: The feature LinearWarmupCosineAnnealingLR is currently marked under review. The compatibility with other Lightning projects is not guaranteed and API may change at any time. The API and functionality may change without warning in future releases. More details: https://lightning-bolts.readthedocs.io/en/latest/stability.html
  return _target_(*args, **kwargs)

  | Name         | Type                          | Params
---------------------------------------------------------------
0 | spec_norm    | SpectrogramNorm               | 64    
1 | mlp          | MultiBandRotationInvariantMLP | 406 K 
2 | flatten      | Flatten                       | 0     
3 | cnn          | Sequential                    | 1.3 M 
4 | lstm         | LSTM                          | 3.9 M 
5 | lstm_dropout | Dropout                       | 0     
6 | classifier   | Sequential                    | 63.5 K
7 | ctc_loss     | CTCLoss                       | 0     
8 | metrics      | ModuleDict                    | 0     
---------------------------------------------------------------
5.7 M     Trainable params
0         Non-trainable params
5.7 M     Total params
22.898    Total estimated model params size (MB)
/home/pranav/miniconda3/envs/emg2qwerty/lib/python3.10/site-packages/torch/nn/modules/conv.py:306: UserWarning: Plan failed with a cudnnException: CUDNN_BACKEND_EXECUTION_PLAN_DESCRIPTOR: cudnnFinalize Descriptor Failed cudnn_status: CUDNN_STATUS_NOT_SUPPORTED (Triggered internally at ../aten/src/ATen/native/cudnn/Conv_v8.cpp:919.)
  return F.conv1d(input, weight, bias, self.stride,
Epoch 0, global step 120: 'val/CER' reached 976.58398 (best 976.58398), saving model to '/home/pranav/Desktop/emg2qwerty/logs/2026-03-10/17-55-45/job3_logspec.hop_length=14,trainer.devices=1,user=single_user/checkpoints/epoch=0-step=120.ckpt' as top 1
Epoch 1, global step 240: 'val/CER' reached 100.00000 (best 100.00000), saving model to '/home/pranav/Desktop/emg2qwerty/logs/2026-03-10/17-55-45/job3_logspec.hop_length=14,trainer.devices=1,user=single_user/checkpoints/epoch=1-step=240.ckpt' as top 1
Epoch 2, global step 360: 'val/CER' was not in top 1
Epoch 3, global step 480: 'val/CER' was not in top 1
Epoch 4, global step 600: 'val/CER' was not in top 1
Epoch 5, global step 720: 'val/CER' was not in top 1
Epoch 6, global step 840: 'val/CER' was not in top 1
Epoch 7, global step 960: 'val/CER' was not in top 1
Epoch 8, global step 1080: 'val/CER' was not in top 1
Epoch 9, global step 1200: 'val/CER' was not in top 1
Epoch 10, global step 1320: 'val/CER' reached 87.28400 (best 87.28400), saving model to '/home/pranav/Desktop/emg2qwerty/logs/2026-03-10/17-55-45/job3_logspec.hop_length=14,trainer.devices=1,user=single_user/checkpoints/epoch=10-step=1320.ckpt' as top 1
Epoch 11, global step 1440: 'val/CER' reached 68.91892 (best 68.91892), saving model to '/home/pranav/Desktop/emg2qwerty/logs/2026-03-10/17-55-45/job3_logspec.hop_length=14,trainer.devices=1,user=single_user/checkpoints/epoch=11-step=1440.ckpt' as top 1
Epoch 12, global step 1560: 'val/CER' reached 53.58883 (best 53.58883), saving model to '/home/pranav/Desktop/emg2qwerty/logs/2026-03-10/17-55-45/job3_logspec.hop_length=14,trainer.devices=1,user=single_user/checkpoints/epoch=12-step=1560.ckpt' as top 1
Epoch 13, global step 1680: 'val/CER' reached 42.17989 (best 42.17989), saving model to '/home/pranav/Desktop/emg2qwerty/logs/2026-03-10/17-55-45/job3_logspec.hop_length=14,trainer.devices=1,user=single_user/checkpoints/epoch=13-step=1680.ckpt' as top 1
Epoch 14, global step 1800: 'val/CER' was not in top 1
Epoch 15, global step 1920: 'val/CER' reached 37.57200 (best 37.57200), saving model to '/home/pranav/Desktop/emg2qwerty/logs/2026-03-10/17-55-45/job3_logspec.hop_length=14,trainer.devices=1,user=single_user/checkpoints/epoch=15-step=1920.ckpt' as top 1
Epoch 16, global step 2040: 'val/CER' reached 34.71422 (best 34.71422), saving model to '/home/pranav/Desktop/emg2qwerty/logs/2026-03-10/17-55-45/job3_logspec.hop_length=14,trainer.devices=1,user=single_user/checkpoints/epoch=16-step=2040.ckpt' as top 1
Epoch 17, global step 2160: 'val/CER' was not in top 1
Epoch 18, global step 2280: 'val/CER' was not in top 1
Epoch 19, global step 2400: 'val/CER' reached 33.89455 (best 33.89455), saving model to '/home/pranav/Desktop/emg2qwerty/logs/2026-03-10/17-55-45/job3_logspec.hop_length=14,trainer.devices=1,user=single_user/checkpoints/epoch=19-step=2400.ckpt' as top 1
Epoch 20, global step 2520: 'val/CER' was not in top 1
Epoch 21, global step 2640: 'val/CER' was not in top 1
Epoch 22, global step 2760: 'val/CER' was not in top 1
Epoch 23, global step 2880: 'val/CER' was not in top 1
Epoch 24, global step 3000: 'val/CER' reached 28.37838 (best 28.37838), saving model to '/home/pranav/Desktop/emg2qwerty/logs/2026-03-10/17-55-45/job3_logspec.hop_length=14,trainer.devices=1,user=single_user/checkpoints/epoch=24-step=3000.ckpt' as top 1
Epoch 25, global step 3120: 'val/CER' was not in top 1
Epoch 26, global step 3240: 'val/CER' was not in top 1
Epoch 27, global step 3360: 'val/CER' was not in top 1
Epoch 28, global step 3480: 'val/CER' reached 27.33717 (best 27.33717), saving model to '/home/pranav/Desktop/emg2qwerty/logs/2026-03-10/17-55-45/job3_logspec.hop_length=14,trainer.devices=1,user=single_user/checkpoints/epoch=28-step=3480.ckpt' as top 1
Epoch 29, global step 3600: 'val/CER' reached 26.65042 (best 26.65042), saving model to '/home/pranav/Desktop/emg2qwerty/logs/2026-03-10/17-55-45/job3_logspec.hop_length=14,trainer.devices=1,user=single_user/checkpoints/epoch=29-step=3600.ckpt' as top 1
Epoch 30, global step 3720: 'val/CER' was not in top 1
Epoch 31, global step 3840: 'val/CER' was not in top 1
Epoch 32, global step 3960: 'val/CER' reached 25.23261 (best 25.23261), saving model to '/home/pranav/Desktop/emg2qwerty/logs/2026-03-10/17-55-45/job3_logspec.hop_length=14,trainer.devices=1,user=single_user/checkpoints/epoch=32-step=3960.ckpt' as top 1
Epoch 33, global step 4080: 'val/CER' was not in top 1
Epoch 34, global step 4200: 'val/CER' reached 24.74524 (best 24.74524), saving model to '/home/pranav/Desktop/emg2qwerty/logs/2026-03-10/17-55-45/job3_logspec.hop_length=14,trainer.devices=1,user=single_user/checkpoints/epoch=34-step=4200.ckpt' as top 1
Epoch 35, global step 4320: 'val/CER' reached 23.23881 (best 23.23881), saving model to '/home/pranav/Desktop/emg2qwerty/logs/2026-03-10/17-55-45/job3_logspec.hop_length=14,trainer.devices=1,user=single_user/checkpoints/epoch=35-step=4320.ckpt' as top 1
Epoch 36, global step 4440: 'val/CER' was not in top 1
Epoch 37, global step 4560: 'val/CER' was not in top 1
Epoch 38, global step 4680: 'val/CER' was not in top 1
Epoch 39, global step 4800: 'val/CER' was not in top 1
Epoch 40, global step 4920: 'val/CER' was not in top 1
Epoch 41, global step 5040: 'val/CER' was not in top 1
Epoch 42, global step 5160: 'val/CER' was not in top 1
Epoch 43, global step 5280: 'val/CER' reached 21.93177 (best 21.93177), saving model to '/home/pranav/Desktop/emg2qwerty/logs/2026-03-10/17-55-45/job3_logspec.hop_length=14,trainer.devices=1,user=single_user/checkpoints/epoch=43-step=5280.ckpt' as top 1
Epoch 44, global step 5400: 'val/CER' was not in top 1
Epoch 45, global step 5520: 'val/CER' was not in top 1
Epoch 46, global step 5640: 'val/CER' was not in top 1
Epoch 47, global step 5760: 'val/CER' was not in top 1
Epoch 48, global step 5880: 'val/CER' was not in top 1
Epoch 49, global step 6000: 'val/CER' reached 21.35578 (best 21.35578), saving model to '/home/pranav/Desktop/emg2qwerty/logs/2026-03-10/17-55-45/job3_logspec.hop_length=14,trainer.devices=1,user=single_user/checkpoints/epoch=49-step=6000.ckpt' as top 1
Epoch 50, global step 6120: 'val/CER' was not in top 1
Epoch 51, global step 6240: 'val/CER' was not in top 1
Epoch 52, global step 6360: 'val/CER' was not in top 1
Epoch 53, global step 6480: 'val/CER' was not in top 1
Epoch 54, global step 6600: 'val/CER' was not in top 1
Epoch 55, global step 6720: 'val/CER' was not in top 1
Epoch 56, global step 6840: 'val/CER' was not in top 1
Epoch 57, global step 6960: 'val/CER' was not in top 1
Epoch 58, global step 7080: 'val/CER' was not in top 1
Epoch 59, global step 7200: 'val/CER' was not in top 1
Epoch 60, global step 7320: 'val/CER' was not in top 1
Epoch 61, global step 7440: 'val/CER' reached 19.91582 (best 19.91582), saving model to '/home/pranav/Desktop/emg2qwerty/logs/2026-03-10/17-55-45/job3_logspec.hop_length=14,trainer.devices=1,user=single_user/checkpoints/epoch=61-step=7440.ckpt' as top 1
Epoch 62, global step 7560: 'val/CER' was not in top 1
Epoch 63, global step 7680: 'val/CER' was not in top 1
Epoch 64, global step 7800: 'val/CER' was not in top 1
Epoch 65, global step 7920: 'val/CER' was not in top 1
Epoch 66, global step 8040: 'val/CER' reached 19.71644 (best 19.71644), saving model to '/home/pranav/Desktop/emg2qwerty/logs/2026-03-10/17-55-45/job3_logspec.hop_length=14,trainer.devices=1,user=single_user/checkpoints/epoch=66-step=8040.ckpt' as top 1
Epoch 67, global step 8160: 'val/CER' reached 19.45060 (best 19.45060), saving model to '/home/pranav/Desktop/emg2qwerty/logs/2026-03-10/17-55-45/job3_logspec.hop_length=14,trainer.devices=1,user=single_user/checkpoints/epoch=67-step=8160.ckpt' as top 1
Epoch 68, global step 8280: 'val/CER' reached 19.40629 (best 19.40629), saving model to '/home/pranav/Desktop/emg2qwerty/logs/2026-03-10/17-55-45/job3_logspec.hop_length=14,trainer.devices=1,user=single_user/checkpoints/epoch=68-step=8280.ckpt' as top 1
Epoch 69, global step 8400: 'val/CER' was not in top 1
Epoch 70, global step 8520: 'val/CER' reached 19.11830 (best 19.11830), saving model to '/home/pranav/Desktop/emg2qwerty/logs/2026-03-10/17-55-45/job3_logspec.hop_length=14,trainer.devices=1,user=single_user/checkpoints/epoch=70-step=8520.ckpt' as top 1
Epoch 71, global step 8640: 'val/CER' was not in top 1
Epoch 72, global step 8760: 'val/CER' was not in top 1
Epoch 73, global step 8880: 'val/CER' was not in top 1
Epoch 74, global step 9000: 'val/CER' was not in top 1
Epoch 75, global step 9120: 'val/CER' reached 18.85246 (best 18.85246), saving model to '/home/pranav/Desktop/emg2qwerty/logs/2026-03-10/17-55-45/job3_logspec.hop_length=14,trainer.devices=1,user=single_user/checkpoints/epoch=75-step=9120.ckpt' as top 1
Epoch 76, global step 9240: 'val/CER' was not in top 1
Epoch 77, global step 9360: 'val/CER' was not in top 1
Epoch 78, global step 9480: 'val/CER' reached 18.63093 (best 18.63093), saving model to '/home/pranav/Desktop/emg2qwerty/logs/2026-03-10/17-55-45/job3_logspec.hop_length=14,trainer.devices=1,user=single_user/checkpoints/epoch=78-step=9480.ckpt' as top 1
Epoch 79, global step 9600: 'val/CER' was not in top 1
Epoch 80, global step 9720: 'val/CER' was not in top 1
Epoch 81, global step 9840: 'val/CER' reached 16.79220 (best 16.79220), saving model to '/home/pranav/Desktop/emg2qwerty/logs/2026-03-10/17-55-45/job3_logspec.hop_length=14,trainer.devices=1,user=single_user/checkpoints/epoch=81-step=9840.ckpt' as top 1
Epoch 82, global step 9960: 'val/CER' was not in top 1
Epoch 83, global step 10080: 'val/CER' was not in top 1
Epoch 84, global step 10200: 'val/CER' was not in top 1
Epoch 85, global step 10320: 'val/CER' was not in top 1
Epoch 86, global step 10440: 'val/CER' was not in top 1
Epoch 87, global step 10560: 'val/CER' was not in top 1
Epoch 88, global step 10680: 'val/CER' was not in top 1
Epoch 89, global step 10800: 'val/CER' was not in top 1
Epoch 90, global step 10920: 'val/CER' was not in top 1
Epoch 91, global step 11040: 'val/CER' was not in top 1
Epoch 92, global step 11160: 'val/CER' was not in top 1
Epoch 93, global step 11280: 'val/CER' was not in top 1
Epoch 94, global step 11400: 'val/CER' was not in top 1
Epoch 95, global step 11520: 'val/CER' was not in top 1
Epoch 96, global step 11640: 'val/CER' was not in top 1
Epoch 97, global step 11760: 'val/CER' was not in top 1
Epoch 98, global step 11880: 'val/CER' was not in top 1
Epoch 99, global step 12000: 'val/CER' was not in top 1
Epoch 100, global step 12120: 'val/CER' was not in top 1
Epoch 101, global step 12240: 'val/CER' was not in top 1
/home/pranav/miniconda3/envs/emg2qwerty/lib/python3.10/site-packages/pytorch_lightning/trainer/call.py:48: UserWarning: Detected KeyboardInterrupt, attempting graceful shutdown...
  rank_zero_warn("Detected KeyboardInterrupt, attempting graceful shutdown...")
Traceback (most recent call last):
  File "/home/pranav/miniconda3/envs/emg2qwerty/lib/python3.10/runpy.py", line 196, in _run_module_as_main
    return _run_code(code, main_globals, None,
  File "/home/pranav/miniconda3/envs/emg2qwerty/lib/python3.10/runpy.py", line 86, in _run_code
    exec(code, run_globals)
  File "/home/pranav/miniconda3/envs/emg2qwerty/lib/python3.10/site-packages/submitit/core/_submit.py", line 11, in <module>
    submitit_main()
  File "/home/pranav/miniconda3/envs/emg2qwerty/lib/python3.10/site-packages/submitit/core/submission.py", line 76, in submitit_main
    process_job(args.folder)
  File "/home/pranav/miniconda3/envs/emg2qwerty/lib/python3.10/site-packages/submitit/core/submission.py", line 55, in process_job
    result = delayed.result()
  File "/home/pranav/miniconda3/envs/emg2qwerty/lib/python3.10/site-packages/submitit/core/utils.py", line 137, in result
