Global seed set to 1501
GPU available: True (cuda), used: True
TPU available: False, using: 0 TPU cores
IPU available: False, using: 0 IPUs
HPU available: False, using: 0 HPUs
Missing logger folder: /home/pranav/Desktop/emg2qwerty/logs/2026-03-10/16-26-20/job3_trainer.devices=1,user=single_user_4/lightning_logs
LOCAL_RANK: 0 - CUDA_VISIBLE_DEVICES: [0]
/home/pranav/miniconda3/envs/emg2qwerty/lib/python3.10/site-packages/pl_bolts/__init__.py:11: FutureWarning: In the future `np.object` will be defined as the corresponding NumPy scalar.
  if not hasattr(numpy, tp_name):
/home/pranav/miniconda3/envs/emg2qwerty/lib/python3.10/site-packages/pl_bolts/__init__.py:11: FutureWarning: In the future `np.bool` will be defined as the corresponding NumPy scalar.
  if not hasattr(numpy, tp_name):
/home/pranav/miniconda3/envs/emg2qwerty/lib/python3.10/site-packages/pl_bolts/models/self_supervised/amdim/amdim_module.py:34: UnderReviewWarning: The feature generate_power_seq is currently marked under review. The compatibility with other Lightning projects is not guaranteed and API may change at any time. The API and functionality may change without warning in future releases. More details: https://lightning-bolts.readthedocs.io/en/latest/stability.html
  "lr_options": generate_power_seq(LEARNING_RATE_CIFAR, 11),
/home/pranav/miniconda3/envs/emg2qwerty/lib/python3.10/site-packages/pl_bolts/models/self_supervised/amdim/amdim_module.py:92: UnderReviewWarning: The feature FeatureMapContrastiveTask is currently marked under review. The compatibility with other Lightning projects is not guaranteed and API may change at any time. The API and functionality may change without warning in future releases. More details: https://lightning-bolts.readthedocs.io/en/latest/stability.html
  contrastive_task: Union[FeatureMapContrastiveTask] = FeatureMapContrastiveTask("01, 02, 11"),
/home/pranav/miniconda3/envs/emg2qwerty/lib/python3.10/site-packages/pl_bolts/losses/self_supervised_learning.py:228: UnderReviewWarning: The feature AmdimNCELoss is currently marked under review. The compatibility with other Lightning projects is not guaranteed and API may change at any time. The API and functionality may change without warning in future releases. More details: https://lightning-bolts.readthedocs.io/en/latest/stability.html
  self.nce_loss = AmdimNCELoss(tclip)
/home/pranav/miniconda3/envs/emg2qwerty/lib/python3.10/site-packages/hydra/_internal/instantiate/_instantiate2.py:92: UnderReviewWarning: The feature LinearWarmupCosineAnnealingLR is currently marked under review. The compatibility with other Lightning projects is not guaranteed and API may change at any time. The API and functionality may change without warning in future releases. More details: https://lightning-bolts.readthedocs.io/en/latest/stability.html
  return _target_(*args, **kwargs)

  | Name         | Type                          | Params
---------------------------------------------------------------
0 | spec_norm    | SpectrogramNorm               | 64    
1 | mlp          | MultiBandRotationInvariantMLP | 406 K 
2 | flatten      | Flatten                       | 0     
3 | cnn          | Sequential                    | 1.3 M 
4 | lstm         | LSTM                          | 3.9 M 
5 | lstm_dropout | Dropout                       | 0     
6 | classifier   | Sequential                    | 63.5 K
7 | ctc_loss     | CTCLoss                       | 0     
8 | metrics      | ModuleDict                    | 0     
---------------------------------------------------------------
5.7 M     Trainable params
0         Non-trainable params
5.7 M     Total params
22.898    Total estimated model params size (MB)
/home/pranav/miniconda3/envs/emg2qwerty/lib/python3.10/site-packages/torch/nn/modules/conv.py:306: UserWarning: Plan failed with a cudnnException: CUDNN_BACKEND_EXECUTION_PLAN_DESCRIPTOR: cudnnFinalize Descriptor Failed cudnn_status: CUDNN_STATUS_NOT_SUPPORTED (Triggered internally at ../aten/src/ATen/native/cudnn/Conv_v8.cpp:919.)
  return F.conv1d(input, weight, bias, self.stride,
/home/pranav/miniconda3/envs/emg2qwerty/lib/python3.10/site-packages/pytorch_lightning/trainer/trainer.py:1595: PossibleUserWarning: The number of training batches (31) is smaller than the logging interval Trainer(log_every_n_steps=50). Set a lower value for log_every_n_steps if you want to see logs for the training epoch.
  rank_zero_warn(
Epoch 0, global step 31: 'val/CER' reached 471.71024 (best 471.71024), saving model to '/home/pranav/Desktop/emg2qwerty/logs/2026-03-10/16-26-20/job3_trainer.devices=1,user=single_user_4/checkpoints/epoch=0-step=31.ckpt' as top 1
Epoch 1, global step 62: 'val/CER' reached 100.00000 (best 100.00000), saving model to '/home/pranav/Desktop/emg2qwerty/logs/2026-03-10/16-26-20/job3_trainer.devices=1,user=single_user_4/checkpoints/epoch=1-step=62.ckpt' as top 1
Epoch 2, global step 93: 'val/CER' was not in top 1
Epoch 3, global step 124: 'val/CER' was not in top 1
Epoch 4, global step 155: 'val/CER' was not in top 1
Epoch 5, global step 186: 'val/CER' was not in top 1
Epoch 6, global step 217: 'val/CER' was not in top 1
Epoch 7, global step 248: 'val/CER' was not in top 1
Epoch 8, global step 279: 'val/CER' was not in top 1
Epoch 9, global step 310: 'val/CER' was not in top 1
Epoch 10, global step 341: 'val/CER' was not in top 1
Epoch 11, global step 372: 'val/CER' was not in top 1
Epoch 12, global step 403: 'val/CER' was not in top 1
Epoch 13, global step 434: 'val/CER' was not in top 1
Epoch 14, global step 465: 'val/CER' was not in top 1
Epoch 15, global step 496: 'val/CER' was not in top 1
Epoch 16, global step 527: 'val/CER' was not in top 1
Epoch 17, global step 558: 'val/CER' was not in top 1
Epoch 18, global step 589: 'val/CER' was not in top 1
Epoch 19, global step 620: 'val/CER' was not in top 1
Epoch 20, global step 651: 'val/CER' was not in top 1
Epoch 21, global step 682: 'val/CER' was not in top 1
Epoch 22, global step 713: 'val/CER' was not in top 1
Epoch 23, global step 744: 'val/CER' was not in top 1
Epoch 24, global step 775: 'val/CER' was not in top 1
Epoch 25, global step 806: 'val/CER' was not in top 1
Epoch 26, global step 837: 'val/CER' was not in top 1
Epoch 27, global step 868: 'val/CER' was not in top 1
Epoch 28, global step 899: 'val/CER' was not in top 1
Epoch 29, global step 930: 'val/CER' was not in top 1
Epoch 30, global step 961: 'val/CER' was not in top 1
Epoch 31, global step 992: 'val/CER' was not in top 1
Epoch 32, global step 1023: 'val/CER' was not in top 1
Epoch 33, global step 1054: 'val/CER' was not in top 1
Epoch 34, global step 1085: 'val/CER' was not in top 1
Epoch 35, global step 1116: 'val/CER' was not in top 1
Epoch 36, global step 1147: 'val/CER' reached 96.25610 (best 96.25610), saving model to '/home/pranav/Desktop/emg2qwerty/logs/2026-03-10/16-26-20/job3_trainer.devices=1,user=single_user_4/checkpoints/epoch=36-step=1147.ckpt' as top 1
Epoch 37, global step 1178: 'val/CER' reached 94.86044 (best 94.86044), saving model to '/home/pranav/Desktop/emg2qwerty/logs/2026-03-10/16-26-20/job3_trainer.devices=1,user=single_user_4/checkpoints/epoch=37-step=1178.ckpt' as top 1
Epoch 38, global step 1209: 'val/CER' reached 93.39832 (best 93.39832), saving model to '/home/pranav/Desktop/emg2qwerty/logs/2026-03-10/16-26-20/job3_trainer.devices=1,user=single_user_4/checkpoints/epoch=38-step=1209.ckpt' as top 1
Epoch 39, global step 1240: 'val/CER' was not in top 1
Epoch 40, global step 1271: 'val/CER' reached 90.73992 (best 90.73992), saving model to '/home/pranav/Desktop/emg2qwerty/logs/2026-03-10/16-26-20/job3_trainer.devices=1,user=single_user_4/checkpoints/epoch=40-step=1271.ckpt' as top 1
Epoch 41, global step 1302: 'val/CER' reached 84.38192 (best 84.38192), saving model to '/home/pranav/Desktop/emg2qwerty/logs/2026-03-10/16-26-20/job3_trainer.devices=1,user=single_user_4/checkpoints/epoch=41-step=1302.ckpt' as top 1
Epoch 42, global step 1333: 'val/CER' reached 83.45148 (best 83.45148), saving model to '/home/pranav/Desktop/emg2qwerty/logs/2026-03-10/16-26-20/job3_trainer.devices=1,user=single_user_4/checkpoints/epoch=42-step=1333.ckpt' as top 1
Epoch 43, global step 1364: 'val/CER' reached 83.07487 (best 83.07487), saving model to '/home/pranav/Desktop/emg2qwerty/logs/2026-03-10/16-26-20/job3_trainer.devices=1,user=single_user_4/checkpoints/epoch=43-step=1364.ckpt' as top 1
Epoch 44, global step 1395: 'val/CER' reached 70.55827 (best 70.55827), saving model to '/home/pranav/Desktop/emg2qwerty/logs/2026-03-10/16-26-20/job3_trainer.devices=1,user=single_user_4/checkpoints/epoch=44-step=1395.ckpt' as top 1
Epoch 45, global step 1426: 'val/CER' was not in top 1
Epoch 46, global step 1457: 'val/CER' reached 58.92778 (best 58.92778), saving model to '/home/pranav/Desktop/emg2qwerty/logs/2026-03-10/16-26-20/job3_trainer.devices=1,user=single_user_4/checkpoints/epoch=46-step=1457.ckpt' as top 1
Epoch 47, global step 1488: 'val/CER' reached 57.90873 (best 57.90873), saving model to '/home/pranav/Desktop/emg2qwerty/logs/2026-03-10/16-26-20/job3_trainer.devices=1,user=single_user_4/checkpoints/epoch=47-step=1488.ckpt' as top 1
Epoch 48, global step 1519: 'val/CER' was not in top 1
Epoch 49, global step 1550: 'val/CER' reached 45.32565 (best 45.32565), saving model to '/home/pranav/Desktop/emg2qwerty/logs/2026-03-10/16-26-20/job3_trainer.devices=1,user=single_user_4/checkpoints/epoch=49-step=1550.ckpt' as top 1
Epoch 50, global step 1581: 'val/CER' was not in top 1
Epoch 51, global step 1612: 'val/CER' reached 44.55029 (best 44.55029), saving model to '/home/pranav/Desktop/emg2qwerty/logs/2026-03-10/16-26-20/job3_trainer.devices=1,user=single_user_4/checkpoints/epoch=51-step=1612.ckpt' as top 1
Epoch 52, global step 1643: 'val/CER' reached 42.51218 (best 42.51218), saving model to '/home/pranav/Desktop/emg2qwerty/logs/2026-03-10/16-26-20/job3_trainer.devices=1,user=single_user_4/checkpoints/epoch=52-step=1643.ckpt' as top 1
Epoch 53, global step 1674: 'val/CER' reached 37.54985 (best 37.54985), saving model to '/home/pranav/Desktop/emg2qwerty/logs/2026-03-10/16-26-20/job3_trainer.devices=1,user=single_user_4/checkpoints/epoch=53-step=1674.ckpt' as top 1
Epoch 54, global step 1705: 'val/CER' reached 37.15108 (best 37.15108), saving model to '/home/pranav/Desktop/emg2qwerty/logs/2026-03-10/16-26-20/job3_trainer.devices=1,user=single_user_4/checkpoints/epoch=54-step=1705.ckpt' as top 1
Epoch 55, global step 1736: 'val/CER' was not in top 1
Epoch 56, global step 1767: 'val/CER' was not in top 1
Epoch 57, global step 1798: 'val/CER' reached 37.12893 (best 37.12893), saving model to '/home/pranav/Desktop/emg2qwerty/logs/2026-03-10/16-26-20/job3_trainer.devices=1,user=single_user_4/checkpoints/epoch=57-step=1798.ckpt' as top 1
Epoch 58, global step 1829: 'val/CER' reached 36.33141 (best 36.33141), saving model to '/home/pranav/Desktop/emg2qwerty/logs/2026-03-10/16-26-20/job3_trainer.devices=1,user=single_user_4/checkpoints/epoch=58-step=1829.ckpt' as top 1
Epoch 59, global step 1860: 'val/CER' reached 35.31236 (best 35.31236), saving model to '/home/pranav/Desktop/emg2qwerty/logs/2026-03-10/16-26-20/job3_trainer.devices=1,user=single_user_4/checkpoints/epoch=59-step=1860.ckpt' as top 1
Epoch 60, global step 1891: 'val/CER' reached 34.75853 (best 34.75853), saving model to '/home/pranav/Desktop/emg2qwerty/logs/2026-03-10/16-26-20/job3_trainer.devices=1,user=single_user_4/checkpoints/epoch=60-step=1891.ckpt' as top 1
Epoch 61, global step 1922: 'val/CER' was not in top 1
Epoch 62, global step 1953: 'val/CER' was not in top 1
Epoch 63, global step 1984: 'val/CER' was not in top 1
Epoch 64, global step 2015: 'val/CER' reached 33.93886 (best 33.93886), saving model to '/home/pranav/Desktop/emg2qwerty/logs/2026-03-10/16-26-20/job3_trainer.devices=1,user=single_user_4/checkpoints/epoch=64-step=2015.ckpt' as top 1
Epoch 65, global step 2046: 'val/CER' was not in top 1
Epoch 66, global step 2077: 'val/CER' was not in top 1
Epoch 67, global step 2108: 'val/CER' reached 33.56225 (best 33.56225), saving model to '/home/pranav/Desktop/emg2qwerty/logs/2026-03-10/16-26-20/job3_trainer.devices=1,user=single_user_4/checkpoints/epoch=67-step=2108.ckpt' as top 1
Epoch 68, global step 2139: 'val/CER' reached 29.97342 (best 29.97342), saving model to '/home/pranav/Desktop/emg2qwerty/logs/2026-03-10/16-26-20/job3_trainer.devices=1,user=single_user_4/checkpoints/epoch=68-step=2139.ckpt' as top 1
Epoch 69, global step 2170: 'val/CER' was not in top 1
Epoch 70, global step 2201: 'val/CER' was not in top 1
Epoch 71, global step 2232: 'val/CER' was not in top 1
Epoch 72, global step 2263: 'val/CER' was not in top 1
Epoch 73, global step 2294: 'val/CER' was not in top 1
Epoch 74, global step 2325: 'val/CER' was not in top 1
Epoch 75, global step 2356: 'val/CER' was not in top 1
Epoch 76, global step 2387: 'val/CER' was not in top 1
Epoch 77, global step 2418: 'val/CER' was not in top 1
Epoch 78, global step 2449: 'val/CER' was not in top 1
Epoch 79, global step 2480: 'val/CER' reached 29.04298 (best 29.04298), saving model to '/home/pranav/Desktop/emg2qwerty/logs/2026-03-10/16-26-20/job3_trainer.devices=1,user=single_user_4/checkpoints/epoch=79-step=2480.ckpt' as top 1
Epoch 80, global step 2511: 'val/CER' reached 28.93221 (best 28.93221), saving model to '/home/pranav/Desktop/emg2qwerty/logs/2026-03-10/16-26-20/job3_trainer.devices=1,user=single_user_4/checkpoints/epoch=80-step=2511.ckpt' as top 1
Epoch 81, global step 2542: 'val/CER' was not in top 1
Epoch 82, global step 2573: 'val/CER' was not in top 1
Epoch 83, global step 2604: 'val/CER' reached 26.51750 (best 26.51750), saving model to '/home/pranav/Desktop/emg2qwerty/logs/2026-03-10/16-26-20/job3_trainer.devices=1,user=single_user_4/checkpoints/epoch=83-step=2604.ckpt' as top 1
Epoch 84, global step 2635: 'val/CER' was not in top 1
Epoch 85, global step 2666: 'val/CER' was not in top 1
Epoch 86, global step 2697: 'val/CER' was not in top 1
Epoch 87, global step 2728: 'val/CER' was not in top 1
Epoch 88, global step 2759: 'val/CER' was not in top 1
Epoch 89, global step 2790: 'val/CER' was not in top 1
Epoch 90, global step 2821: 'val/CER' was not in top 1
Epoch 91, global step 2852: 'val/CER' was not in top 1
Epoch 92, global step 2883: 'val/CER' was not in top 1
Epoch 93, global step 2914: 'val/CER' was not in top 1
Epoch 94, global step 2945: 'val/CER' was not in top 1
Epoch 95, global step 2976: 'val/CER' was not in top 1
Epoch 96, global step 3007: 'val/CER' was not in top 1
Epoch 97, global step 3038: 'val/CER' was not in top 1
Epoch 98, global step 3069: 'val/CER' was not in top 1
Epoch 99, global step 3100: 'val/CER' was not in top 1
Epoch 100, global step 3131: 'val/CER' was not in top 1
Epoch 101, global step 3162: 'val/CER' reached 26.27382 (best 26.27382), saving model to '/home/pranav/Desktop/emg2qwerty/logs/2026-03-10/16-26-20/job3_trainer.devices=1,user=single_user_4/checkpoints/epoch=101-step=3162.ckpt' as top 1
Epoch 102, global step 3193: 'val/CER' was not in top 1
Epoch 103, global step 3224: 'val/CER' reached 26.16305 (best 26.16305), saving model to '/home/pranav/Desktop/emg2qwerty/logs/2026-03-10/16-26-20/job3_trainer.devices=1,user=single_user_4/checkpoints/epoch=103-step=3224.ckpt' as top 1
Epoch 104, global step 3255: 'val/CER' reached 25.63137 (best 25.63137), saving model to '/home/pranav/Desktop/emg2qwerty/logs/2026-03-10/16-26-20/job3_trainer.devices=1,user=single_user_4/checkpoints/epoch=104-step=3255.ckpt' as top 1
Epoch 105, global step 3286: 'val/CER' was not in top 1
Epoch 106, global step 3317: 'val/CER' was not in top 1
Epoch 107, global step 3348: 'val/CER' was not in top 1
Epoch 108, global step 3379: 'val/CER' reached 25.43199 (best 25.43199), saving model to '/home/pranav/Desktop/emg2qwerty/logs/2026-03-10/16-26-20/job3_trainer.devices=1,user=single_user_4/checkpoints/epoch=108-step=3379.ckpt' as top 1
Epoch 109, global step 3410: 'val/CER' was not in top 1
Epoch 110, global step 3441: 'val/CER' was not in top 1
Epoch 111, global step 3472: 'val/CER' reached 24.67878 (best 24.67878), saving model to '/home/pranav/Desktop/emg2qwerty/logs/2026-03-10/16-26-20/job3_trainer.devices=1,user=single_user_4/checkpoints/epoch=111-step=3472.ckpt' as top 1
Epoch 112, global step 3503: 'val/CER' was not in top 1
Epoch 113, global step 3534: 'val/CER' was not in top 1
Epoch 114, global step 3565: 'val/CER' was not in top 1
Epoch 115, global step 3596: 'val/CER' reached 24.59016 (best 24.59016), saving model to '/home/pranav/Desktop/emg2qwerty/logs/2026-03-10/16-26-20/job3_trainer.devices=1,user=single_user_4/checkpoints/epoch=115-step=3596.ckpt' as top 1
Epoch 116, global step 3627: 'val/CER' was not in top 1
Epoch 117, global step 3658: 'val/CER' was not in top 1
Epoch 118, global step 3689: 'val/CER' was not in top 1
Epoch 119, global step 3720: 'val/CER' was not in top 1
Epoch 120, global step 3751: 'val/CER' reached 24.05849 (best 24.05849), saving model to '/home/pranav/Desktop/emg2qwerty/logs/2026-03-10/16-26-20/job3_trainer.devices=1,user=single_user_4/checkpoints/epoch=120-step=3751.ckpt' as top 1
Epoch 121, global step 3782: 'val/CER' was not in top 1
Epoch 122, global step 3813: 'val/CER' was not in top 1
Epoch 123, global step 3844: 'val/CER' was not in top 1
Epoch 124, global step 3875: 'val/CER' was not in top 1
Epoch 125, global step 3906: 'val/CER' was not in top 1
Epoch 126, global step 3937: 'val/CER' reached 23.50465 (best 23.50465), saving model to '/home/pranav/Desktop/emg2qwerty/logs/2026-03-10/16-26-20/job3_trainer.devices=1,user=single_user_4/checkpoints/epoch=126-step=3937.ckpt' as top 1
Epoch 127, global step 3968: 'val/CER' was not in top 1
Epoch 128, global step 3999: 'val/CER' reached 23.48250 (best 23.48250), saving model to '/home/pranav/Desktop/emg2qwerty/logs/2026-03-10/16-26-20/job3_trainer.devices=1,user=single_user_4/checkpoints/epoch=128-step=3999.ckpt' as top 1
Epoch 129, global step 4030: 'val/CER' was not in top 1
Epoch 130, global step 4061: 'val/CER' was not in top 1
Epoch 131, global step 4092: 'val/CER' was not in top 1
Epoch 132, global step 4123: 'val/CER' was not in top 1
Epoch 133, global step 4154: 'val/CER' was not in top 1
Epoch 134, global step 4185: 'val/CER' was not in top 1
Epoch 135, global step 4216: 'val/CER' was not in top 1
Epoch 136, global step 4247: 'val/CER' was not in top 1
Epoch 137, global step 4278: 'val/CER' was not in top 1
Epoch 138, global step 4309: 'val/CER' was not in top 1
Epoch 139, global step 4340: 'val/CER' was not in top 1
Epoch 140, global step 4371: 'val/CER' was not in top 1
Epoch 141, global step 4402: 'val/CER' was not in top 1
Epoch 142, global step 4433: 'val/CER' was not in top 1
Epoch 143, global step 4464: 'val/CER' was not in top 1
Epoch 144, global step 4495: 'val/CER' was not in top 1
Epoch 145, global step 4526: 'val/CER' was not in top 1
Epoch 146, global step 4557: 'val/CER' was not in top 1
Epoch 147, global step 4588: 'val/CER' was not in top 1
Epoch 148, global step 4619: 'val/CER' was not in top 1
Epoch 149, global step 4650: 'val/CER' was not in top 1
`Trainer.fit` stopped: `max_epochs=150` reached.
LOCAL_RANK: 0 - CUDA_VISIBLE_DEVICES: [0]
LOCAL_RANK: 0 - CUDA_VISIBLE_DEVICES: [0]
