Global seed set to 1501
GPU available: True (cuda), used: True
TPU available: False, using: 0 TPU cores
IPU available: False, using: 0 IPUs
HPU available: False, using: 0 HPUs
Missing logger folder: /home/pranav/Desktop/emg2qwerty/logs/2026-03-10/17-55-45/job4_logspec.hop_length=12,trainer.devices=1,user=single_user/lightning_logs
LOCAL_RANK: 0 - CUDA_VISIBLE_DEVICES: [0]
/home/pranav/miniconda3/envs/emg2qwerty/lib/python3.10/site-packages/pl_bolts/__init__.py:11: FutureWarning: In the future `np.object` will be defined as the corresponding NumPy scalar.
  if not hasattr(numpy, tp_name):
/home/pranav/miniconda3/envs/emg2qwerty/lib/python3.10/site-packages/pl_bolts/__init__.py:11: FutureWarning: In the future `np.bool` will be defined as the corresponding NumPy scalar.
  if not hasattr(numpy, tp_name):
/home/pranav/miniconda3/envs/emg2qwerty/lib/python3.10/site-packages/pl_bolts/models/self_supervised/amdim/amdim_module.py:34: UnderReviewWarning: The feature generate_power_seq is currently marked under review. The compatibility with other Lightning projects is not guaranteed and API may change at any time. The API and functionality may change without warning in future releases. More details: https://lightning-bolts.readthedocs.io/en/latest/stability.html
  "lr_options": generate_power_seq(LEARNING_RATE_CIFAR, 11),
/home/pranav/miniconda3/envs/emg2qwerty/lib/python3.10/site-packages/pl_bolts/models/self_supervised/amdim/amdim_module.py:92: UnderReviewWarning: The feature FeatureMapContrastiveTask is currently marked under review. The compatibility with other Lightning projects is not guaranteed and API may change at any time. The API and functionality may change without warning in future releases. More details: https://lightning-bolts.readthedocs.io/en/latest/stability.html
  contrastive_task: Union[FeatureMapContrastiveTask] = FeatureMapContrastiveTask("01, 02, 11"),
/home/pranav/miniconda3/envs/emg2qwerty/lib/python3.10/site-packages/pl_bolts/losses/self_supervised_learning.py:228: UnderReviewWarning: The feature AmdimNCELoss is currently marked under review. The compatibility with other Lightning projects is not guaranteed and API may change at any time. The API and functionality may change without warning in future releases. More details: https://lightning-bolts.readthedocs.io/en/latest/stability.html
  self.nce_loss = AmdimNCELoss(tclip)
/home/pranav/miniconda3/envs/emg2qwerty/lib/python3.10/site-packages/hydra/_internal/instantiate/_instantiate2.py:92: UnderReviewWarning: The feature LinearWarmupCosineAnnealingLR is currently marked under review. The compatibility with other Lightning projects is not guaranteed and API may change at any time. The API and functionality may change without warning in future releases. More details: https://lightning-bolts.readthedocs.io/en/latest/stability.html
  return _target_(*args, **kwargs)

  | Name         | Type                          | Params
---------------------------------------------------------------
0 | spec_norm    | SpectrogramNorm               | 64    
1 | mlp          | MultiBandRotationInvariantMLP | 406 K 
2 | flatten      | Flatten                       | 0     
3 | cnn          | Sequential                    | 1.3 M 
4 | lstm         | LSTM                          | 3.9 M 
5 | lstm_dropout | Dropout                       | 0     
6 | classifier   | Sequential                    | 63.5 K
7 | ctc_loss     | CTCLoss                       | 0     
8 | metrics      | ModuleDict                    | 0     
---------------------------------------------------------------
5.7 M     Trainable params
0         Non-trainable params
5.7 M     Total params
22.898    Total estimated model params size (MB)
/home/pranav/miniconda3/envs/emg2qwerty/lib/python3.10/site-packages/torch/nn/modules/conv.py:306: UserWarning: Plan failed with a cudnnException: CUDNN_BACKEND_EXECUTION_PLAN_DESCRIPTOR: cudnnFinalize Descriptor Failed cudnn_status: CUDNN_STATUS_NOT_SUPPORTED (Triggered internally at ../aten/src/ATen/native/cudnn/Conv_v8.cpp:919.)
  return F.conv1d(input, weight, bias, self.stride,
Epoch 0, global step 120: 'val/CER' reached 977.62518 (best 977.62518), saving model to '/home/pranav/Desktop/emg2qwerty/logs/2026-03-10/17-55-45/job4_logspec.hop_length=12,trainer.devices=1,user=single_user/checkpoints/epoch=0-step=120.ckpt' as top 1
Epoch 1, global step 240: 'val/CER' reached 100.00000 (best 100.00000), saving model to '/home/pranav/Desktop/emg2qwerty/logs/2026-03-10/17-55-45/job4_logspec.hop_length=12,trainer.devices=1,user=single_user/checkpoints/epoch=1-step=240.ckpt' as top 1
Epoch 2, global step 360: 'val/CER' was not in top 1
Epoch 3, global step 480: 'val/CER' was not in top 1
Epoch 4, global step 600: 'val/CER' was not in top 1
Epoch 5, global step 720: 'val/CER' was not in top 1
Epoch 6, global step 840: 'val/CER' was not in top 1
Epoch 7, global step 960: 'val/CER' was not in top 1
Epoch 8, global step 1080: 'val/CER' was not in top 1
Epoch 9, global step 1200: 'val/CER' was not in top 1
Epoch 10, global step 1320: 'val/CER' was not in top 1
Epoch 11, global step 1440: 'val/CER' reached 96.96500 (best 96.96500), saving model to '/home/pranav/Desktop/emg2qwerty/logs/2026-03-10/17-55-45/job4_logspec.hop_length=12,trainer.devices=1,user=single_user/checkpoints/epoch=11-step=1440.ckpt' as top 1
Epoch 12, global step 1560: 'val/CER' reached 87.68276 (best 87.68276), saving model to '/home/pranav/Desktop/emg2qwerty/logs/2026-03-10/17-55-45/job4_logspec.hop_length=12,trainer.devices=1,user=single_user/checkpoints/epoch=12-step=1560.ckpt' as top 1
Epoch 13, global step 1680: 'val/CER' reached 58.06380 (best 58.06380), saving model to '/home/pranav/Desktop/emg2qwerty/logs/2026-03-10/17-55-45/job4_logspec.hop_length=12,trainer.devices=1,user=single_user/checkpoints/epoch=13-step=1680.ckpt' as top 1
Epoch 14, global step 1800: 'val/CER' reached 52.43686 (best 52.43686), saving model to '/home/pranav/Desktop/emg2qwerty/logs/2026-03-10/17-55-45/job4_logspec.hop_length=12,trainer.devices=1,user=single_user/checkpoints/epoch=14-step=1800.ckpt' as top 1
Epoch 15, global step 1920: 'val/CER' reached 44.30660 (best 44.30660), saving model to '/home/pranav/Desktop/emg2qwerty/logs/2026-03-10/17-55-45/job4_logspec.hop_length=12,trainer.devices=1,user=single_user/checkpoints/epoch=15-step=1920.ckpt' as top 1
Epoch 16, global step 2040: 'val/CER' was not in top 1
Epoch 17, global step 2160: 'val/CER' reached 41.78112 (best 41.78112), saving model to '/home/pranav/Desktop/emg2qwerty/logs/2026-03-10/17-55-45/job4_logspec.hop_length=12,trainer.devices=1,user=single_user/checkpoints/epoch=17-step=2160.ckpt' as top 1
Epoch 18, global step 2280: 'val/CER' reached 37.90430 (best 37.90430), saving model to '/home/pranav/Desktop/emg2qwerty/logs/2026-03-10/17-55-45/job4_logspec.hop_length=12,trainer.devices=1,user=single_user/checkpoints/epoch=18-step=2280.ckpt' as top 1
Epoch 19, global step 2400: 'val/CER' was not in top 1
Epoch 20, global step 2520: 'val/CER' was not in top 1
Epoch 21, global step 2640: 'val/CER' was not in top 1
Epoch 22, global step 2760: 'val/CER' was not in top 1
Epoch 23, global step 2880: 'val/CER' was not in top 1
Epoch 24, global step 3000: 'val/CER' reached 36.26495 (best 36.26495), saving model to '/home/pranav/Desktop/emg2qwerty/logs/2026-03-10/17-55-45/job4_logspec.hop_length=12,trainer.devices=1,user=single_user/checkpoints/epoch=24-step=3000.ckpt' as top 1
Epoch 25, global step 3120: 'val/CER' was not in top 1
Epoch 26, global step 3240: 'val/CER' was not in top 1
Epoch 27, global step 3360: 'val/CER' was not in top 1
Epoch 28, global step 3480: 'val/CER' was not in top 1
Epoch 29, global step 3600: 'val/CER' was not in top 1
Epoch 30, global step 3720: 'val/CER' was not in top 1
Epoch 31, global step 3840: 'val/CER' was not in top 1
Epoch 32, global step 3960: 'val/CER' was not in top 1
Epoch 33, global step 4080: 'val/CER' was not in top 1
Epoch 34, global step 4200: 'val/CER' was not in top 1
Epoch 35, global step 4320: 'val/CER' was not in top 1
Epoch 36, global step 4440: 'val/CER' was not in top 1
Epoch 37, global step 4560: 'val/CER' was not in top 1
Epoch 38, global step 4680: 'val/CER' was not in top 1
Epoch 39, global step 4800: 'val/CER' was not in top 1
Epoch 40, global step 4920: 'val/CER' was not in top 1
Epoch 41, global step 5040: 'val/CER' was not in top 1
Epoch 42, global step 5160: 'val/CER' was not in top 1
Epoch 43, global step 5280: 'val/CER' reached 33.65086 (best 33.65086), saving model to '/home/pranav/Desktop/emg2qwerty/logs/2026-03-10/17-55-45/job4_logspec.hop_length=12,trainer.devices=1,user=single_user/checkpoints/epoch=43-step=5280.ckpt' as top 1
Epoch 44, global step 5400: 'val/CER' reached 33.58440 (best 33.58440), saving model to '/home/pranav/Desktop/emg2qwerty/logs/2026-03-10/17-55-45/job4_logspec.hop_length=12,trainer.devices=1,user=single_user/checkpoints/epoch=44-step=5400.ckpt' as top 1
Epoch 45, global step 5520: 'val/CER' was not in top 1
Epoch 46, global step 5640: 'val/CER' was not in top 1
Epoch 47, global step 5760: 'val/CER' was not in top 1
Epoch 48, global step 5880: 'val/CER' was not in top 1
Epoch 49, global step 6000: 'val/CER' was not in top 1
Epoch 50, global step 6120: 'val/CER' reached 32.98626 (best 32.98626), saving model to '/home/pranav/Desktop/emg2qwerty/logs/2026-03-10/17-55-45/job4_logspec.hop_length=12,trainer.devices=1,user=single_user/checkpoints/epoch=50-step=6120.ckpt' as top 1
Epoch 51, global step 6240: 'val/CER' was not in top 1
Epoch 52, global step 6360: 'val/CER' was not in top 1
Epoch 53, global step 6480: 'val/CER' was not in top 1
Epoch 54, global step 6600: 'val/CER' was not in top 1
Epoch 55, global step 6720: 'val/CER' was not in top 1
Epoch 56, global step 6840: 'val/CER' reached 32.89765 (best 32.89765), saving model to '/home/pranav/Desktop/emg2qwerty/logs/2026-03-10/17-55-45/job4_logspec.hop_length=12,trainer.devices=1,user=single_user/checkpoints/epoch=56-step=6840.ckpt' as top 1
Epoch 57, global step 6960: 'val/CER' was not in top 1
Epoch 58, global step 7080: 'val/CER' was not in top 1
Epoch 59, global step 7200: 'val/CER' was not in top 1
Epoch 60, global step 7320: 'val/CER' was not in top 1
Epoch 61, global step 7440: 'val/CER' was not in top 1
Epoch 62, global step 7560: 'val/CER' reached 32.38813 (best 32.38813), saving model to '/home/pranav/Desktop/emg2qwerty/logs/2026-03-10/17-55-45/job4_logspec.hop_length=12,trainer.devices=1,user=single_user/checkpoints/epoch=62-step=7560.ckpt' as top 1
Epoch 63, global step 7680: 'val/CER' was not in top 1
Epoch 64, global step 7800: 'val/CER' reached 29.64112 (best 29.64112), saving model to '/home/pranav/Desktop/emg2qwerty/logs/2026-03-10/17-55-45/job4_logspec.hop_length=12,trainer.devices=1,user=single_user/checkpoints/epoch=64-step=7800.ckpt' as top 1
Epoch 65, global step 7920: 'val/CER' was not in top 1
Epoch 66, global step 8040: 'val/CER' was not in top 1
Epoch 67, global step 8160: 'val/CER' was not in top 1
Epoch 68, global step 8280: 'val/CER' reached 29.53035 (best 29.53035), saving model to '/home/pranav/Desktop/emg2qwerty/logs/2026-03-10/17-55-45/job4_logspec.hop_length=12,trainer.devices=1,user=single_user/checkpoints/epoch=68-step=8280.ckpt' as top 1
Epoch 69, global step 8400: 'val/CER' was not in top 1
Epoch 70, global step 8520: 'val/CER' was not in top 1
Epoch 71, global step 8640: 'val/CER' was not in top 1
Epoch 72, global step 8760: 'val/CER' was not in top 1
Epoch 73, global step 8880: 'val/CER' was not in top 1
Epoch 74, global step 9000: 'val/CER' reached 28.51130 (best 28.51130), saving model to '/home/pranav/Desktop/emg2qwerty/logs/2026-03-10/17-55-45/job4_logspec.hop_length=12,trainer.devices=1,user=single_user/checkpoints/epoch=74-step=9000.ckpt' as top 1
Epoch 75, global step 9120: 'val/CER' was not in top 1
Epoch 76, global step 9240: 'val/CER' was not in top 1
Epoch 77, global step 9360: 'val/CER' was not in top 1
Epoch 78, global step 9480: 'val/CER' was not in top 1
Epoch 79, global step 9600: 'val/CER' was not in top 1
Epoch 80, global step 9720: 'val/CER' was not in top 1
Epoch 81, global step 9840: 'val/CER' reached 27.58086 (best 27.58086), saving model to '/home/pranav/Desktop/emg2qwerty/logs/2026-03-10/17-55-45/job4_logspec.hop_length=12,trainer.devices=1,user=single_user/checkpoints/epoch=81-step=9840.ckpt' as top 1
Epoch 82, global step 9960: 'val/CER' was not in top 1
Epoch 83, global step 10080: 'val/CER' was not in top 1
Epoch 84, global step 10200: 'val/CER' was not in top 1
Epoch 85, global step 10320: 'val/CER' was not in top 1
Epoch 86, global step 10440: 'val/CER' was not in top 1
Epoch 87, global step 10560: 'val/CER' was not in top 1
Epoch 88, global step 10680: 'val/CER' was not in top 1
Epoch 89, global step 10800: 'val/CER' was not in top 1
/home/pranav/miniconda3/envs/emg2qwerty/lib/python3.10/site-packages/pytorch_lightning/trainer/call.py:48: UserWarning: Detected KeyboardInterrupt, attempting graceful shutdown...
  rank_zero_warn("Detected KeyboardInterrupt, attempting graceful shutdown...")
Traceback (most recent call last):
  File "/home/pranav/miniconda3/envs/emg2qwerty/lib/python3.10/runpy.py", line 196, in _run_module_as_main
    return _run_code(code, main_globals, None,
  File "/home/pranav/miniconda3/envs/emg2qwerty/lib/python3.10/runpy.py", line 86, in _run_code
    exec(code, run_globals)
  File "/home/pranav/miniconda3/envs/emg2qwerty/lib/python3.10/site-packages/submitit/core/_submit.py", line 11, in <module>
    submitit_main()
  File "/home/pranav/miniconda3/envs/emg2qwerty/lib/python3.10/site-packages/submitit/core/submission.py", line 76, in submitit_main
    process_job(args.folder)
  File "/home/pranav/miniconda3/envs/emg2qwerty/lib/python3.10/site-packages/submitit/core/submission.py", line 55, in process_job
    result = delayed.result()
  File "/home/pranav/miniconda3/envs/emg2qwerty/lib/python3.10/site-packages/submitit/core/utils.py", line 137, in result
    self._result = self.function(*self.args, **self.kwargs)
  File "/home/pranav/miniconda3/envs/emg2qwerty/lib/python3.10/site-packages/hydra_plugins/hydra_submitit_launcher/submitit_launcher.py", line 71, in __call__
    return run_job(
  File "/home/pranav/miniconda3/envs/emg2qwerty/lib/python3.10/site-packages/hydra/core/utils.py", line 186, in run_job
    ret.return_value = task_function(task_cfg)
  File "/home/pranav/Desktop/emg2qwerty/emg2qwerty/train.py", line 110, in main
    module = module.load_from_checkpoint(
  File "/home/pranav/miniconda3/envs/emg2qwerty/lib/python3.10/site-packages/pytorch_lightning/core/saving.py", line 137, in load_from_checkpoint
    return _load_from_checkpoint(
  File "/home/pranav/miniconda3/envs/emg2qwerty/lib/python3.10/site-packages/pytorch_lightning/core/saving.py", line 158, in _load_from_checkpoint
    checkpoint = pl_load(checkpoint_path, map_location=map_location)
  File "/home/pranav/miniconda3/envs/emg2qwerty/lib/python3.10/site-packages/lightning_lite/utilities/cloud_io.py", line 48, in _load
    return torch.load(f, map_location=map_location)
  File "/home/pranav/miniconda3/envs/emg2qwerty/lib/python3.10/site-packages/torch/serialization.py", line 1025, in load
