Global seed set to 1501
GPU available: True (cuda), used: True
TPU available: False, using: 0 TPU cores
IPU available: False, using: 0 IPUs
HPU available: False, using: 0 HPUs
Missing logger folder: /home/pranav/Desktop/emg2qwerty/logs/2026-03-10/15-01-42/job0_trainer.devices=1,user=single_user/lightning_logs
LOCAL_RANK: 0 - CUDA_VISIBLE_DEVICES: [0]
/home/pranav/miniconda3/envs/emg2qwerty/lib/python3.10/site-packages/pl_bolts/__init__.py:11: FutureWarning: In the future `np.object` will be defined as the corresponding NumPy scalar.
  if not hasattr(numpy, tp_name):
/home/pranav/miniconda3/envs/emg2qwerty/lib/python3.10/site-packages/pl_bolts/__init__.py:11: FutureWarning: In the future `np.bool` will be defined as the corresponding NumPy scalar.
  if not hasattr(numpy, tp_name):
/home/pranav/miniconda3/envs/emg2qwerty/lib/python3.10/site-packages/pl_bolts/models/self_supervised/amdim/amdim_module.py:34: UnderReviewWarning: The feature generate_power_seq is currently marked under review. The compatibility with other Lightning projects is not guaranteed and API may change at any time. The API and functionality may change without warning in future releases. More details: https://lightning-bolts.readthedocs.io/en/latest/stability.html
  "lr_options": generate_power_seq(LEARNING_RATE_CIFAR, 11),
/home/pranav/miniconda3/envs/emg2qwerty/lib/python3.10/site-packages/pl_bolts/models/self_supervised/amdim/amdim_module.py:92: UnderReviewWarning: The feature FeatureMapContrastiveTask is currently marked under review. The compatibility with other Lightning projects is not guaranteed and API may change at any time. The API and functionality may change without warning in future releases. More details: https://lightning-bolts.readthedocs.io/en/latest/stability.html
  contrastive_task: Union[FeatureMapContrastiveTask] = FeatureMapContrastiveTask("01, 02, 11"),
/home/pranav/miniconda3/envs/emg2qwerty/lib/python3.10/site-packages/pl_bolts/losses/self_supervised_learning.py:228: UnderReviewWarning: The feature AmdimNCELoss is currently marked under review. The compatibility with other Lightning projects is not guaranteed and API may change at any time. The API and functionality may change without warning in future releases. More details: https://lightning-bolts.readthedocs.io/en/latest/stability.html
  self.nce_loss = AmdimNCELoss(tclip)
/home/pranav/miniconda3/envs/emg2qwerty/lib/python3.10/site-packages/hydra/_internal/instantiate/_instantiate2.py:92: UnderReviewWarning: The feature LinearWarmupCosineAnnealingLR is currently marked under review. The compatibility with other Lightning projects is not guaranteed and API may change at any time. The API and functionality may change without warning in future releases. More details: https://lightning-bolts.readthedocs.io/en/latest/stability.html
  return _target_(*args, **kwargs)

  | Name         | Type                          | Params
---------------------------------------------------------------
0 | spec_norm    | SpectrogramNorm               | 48    
1 | mlp          | MultiBandRotationInvariantMLP | 304 K 
2 | flatten      | Flatten                       | 0     
3 | cnn          | Sequential                    | 1.3 M 
4 | lstm         | LSTM                          | 3.9 M 
5 | lstm_dropout | Dropout                       | 0     
6 | classifier   | Sequential                    | 63.5 K
7 | ctc_loss     | CTCLoss                       | 0     
8 | metrics      | ModuleDict                    | 0     
---------------------------------------------------------------
5.6 M     Trainable params
0         Non-trainable params
5.6 M     Total params
22.492    Total estimated model params size (MB)
/home/pranav/miniconda3/envs/emg2qwerty/lib/python3.10/site-packages/torch/nn/modules/conv.py:306: UserWarning: Plan failed with a cudnnException: CUDNN_BACKEND_EXECUTION_PLAN_DESCRIPTOR: cudnnFinalize Descriptor Failed cudnn_status: CUDNN_STATUS_NOT_SUPPORTED (Triggered internally at ../aten/src/ATen/native/cudnn/Conv_v8.cpp:919.)
  return F.conv1d(input, weight, bias, self.stride,
Epoch 0, global step 120: 'val/CER' reached 952.92426 (best 952.92426), saving model to '/home/pranav/Desktop/emg2qwerty/logs/2026-03-10/15-01-42/job0_trainer.devices=1,user=single_user/checkpoints/epoch=0-step=120.ckpt' as top 1
Epoch 1, global step 240: 'val/CER' reached 100.00000 (best 100.00000), saving model to '/home/pranav/Desktop/emg2qwerty/logs/2026-03-10/15-01-42/job0_trainer.devices=1,user=single_user/checkpoints/epoch=1-step=240.ckpt' as top 1
Epoch 2, global step 360: 'val/CER' was not in top 1
Epoch 3, global step 480: 'val/CER' was not in top 1
Epoch 4, global step 600: 'val/CER' was not in top 1
Epoch 5, global step 720: 'val/CER' was not in top 1
Epoch 6, global step 840: 'val/CER' was not in top 1
Epoch 7, global step 960: 'val/CER' was not in top 1
Epoch 8, global step 1080: 'val/CER' was not in top 1
Epoch 9, global step 1200: 'val/CER' was not in top 1
Epoch 10, global step 1320: 'val/CER' reached 96.76562 (best 96.76562), saving model to '/home/pranav/Desktop/emg2qwerty/logs/2026-03-10/15-01-42/job0_trainer.devices=1,user=single_user/checkpoints/epoch=10-step=1320.ckpt' as top 1
Epoch 11, global step 1440: 'val/CER' reached 86.28711 (best 86.28711), saving model to '/home/pranav/Desktop/emg2qwerty/logs/2026-03-10/15-01-42/job0_trainer.devices=1,user=single_user/checkpoints/epoch=11-step=1440.ckpt' as top 1
Epoch 12, global step 1560: 'val/CER' reached 71.90961 (best 71.90961), saving model to '/home/pranav/Desktop/emg2qwerty/logs/2026-03-10/15-01-42/job0_trainer.devices=1,user=single_user/checkpoints/epoch=12-step=1560.ckpt' as top 1
Epoch 13, global step 1680: 'val/CER' reached 53.03500 (best 53.03500), saving model to '/home/pranav/Desktop/emg2qwerty/logs/2026-03-10/15-01-42/job0_trainer.devices=1,user=single_user/checkpoints/epoch=13-step=1680.ckpt' as top 1
Epoch 14, global step 1800: 'val/CER' reached 41.64820 (best 41.64820), saving model to '/home/pranav/Desktop/emg2qwerty/logs/2026-03-10/15-01-42/job0_trainer.devices=1,user=single_user/checkpoints/epoch=14-step=1800.ckpt' as top 1
Epoch 15, global step 1920: 'val/CER' reached 38.48028 (best 38.48028), saving model to '/home/pranav/Desktop/emg2qwerty/logs/2026-03-10/15-01-42/job0_trainer.devices=1,user=single_user/checkpoints/epoch=15-step=1920.ckpt' as top 1
Epoch 16, global step 2040: 'val/CER' reached 38.08152 (best 38.08152), saving model to '/home/pranav/Desktop/emg2qwerty/logs/2026-03-10/15-01-42/job0_trainer.devices=1,user=single_user/checkpoints/epoch=16-step=2040.ckpt' as top 1
Epoch 17, global step 2160: 'val/CER' reached 31.90075 (best 31.90075), saving model to '/home/pranav/Desktop/emg2qwerty/logs/2026-03-10/15-01-42/job0_trainer.devices=1,user=single_user/checkpoints/epoch=17-step=2160.ckpt' as top 1
Epoch 18, global step 2280: 'val/CER' was not in top 1
Epoch 19, global step 2400: 'val/CER' was not in top 1
Epoch 20, global step 2520: 'val/CER' reached 30.23926 (best 30.23926), saving model to '/home/pranav/Desktop/emg2qwerty/logs/2026-03-10/15-01-42/job0_trainer.devices=1,user=single_user/checkpoints/epoch=20-step=2520.ckpt' as top 1
Epoch 21, global step 2640: 'val/CER' was not in top 1
Epoch 22, global step 2760: 'val/CER' was not in top 1
Epoch 23, global step 2880: 'val/CER' was not in top 1
Epoch 24, global step 3000: 'val/CER' was not in top 1
Epoch 25, global step 3120: 'val/CER' reached 27.60301 (best 27.60301), saving model to '/home/pranav/Desktop/emg2qwerty/logs/2026-03-10/15-01-42/job0_trainer.devices=1,user=single_user/checkpoints/epoch=25-step=3120.ckpt' as top 1
Epoch 26, global step 3240: 'val/CER' was not in top 1
Epoch 27, global step 3360: 'val/CER' was not in top 1
Epoch 28, global step 3480: 'val/CER' reached 25.67568 (best 25.67568), saving model to '/home/pranav/Desktop/emg2qwerty/logs/2026-03-10/15-01-42/job0_trainer.devices=1,user=single_user/checkpoints/epoch=28-step=3480.ckpt' as top 1
Epoch 29, global step 3600: 'val/CER' was not in top 1
Epoch 30, global step 3720: 'val/CER' was not in top 1
Epoch 31, global step 3840: 'val/CER' reached 25.03323 (best 25.03323), saving model to '/home/pranav/Desktop/emg2qwerty/logs/2026-03-10/15-01-42/job0_trainer.devices=1,user=single_user/checkpoints/epoch=31-step=3840.ckpt' as top 1
Epoch 32, global step 3960: 'val/CER' was not in top 1
Epoch 33, global step 4080: 'val/CER' was not in top 1
Epoch 34, global step 4200: 'val/CER' reached 24.34648 (best 24.34648), saving model to '/home/pranav/Desktop/emg2qwerty/logs/2026-03-10/15-01-42/job0_trainer.devices=1,user=single_user/checkpoints/epoch=34-step=4200.ckpt' as top 1
Epoch 35, global step 4320: 'val/CER' was not in top 1
Epoch 36, global step 4440: 'val/CER' was not in top 1
Epoch 37, global step 4560: 'val/CER' reached 22.57421 (best 22.57421), saving model to '/home/pranav/Desktop/emg2qwerty/logs/2026-03-10/15-01-42/job0_trainer.devices=1,user=single_user/checkpoints/epoch=37-step=4560.ckpt' as top 1
Epoch 38, global step 4680: 'val/CER' was not in top 1
Epoch 39, global step 4800: 'val/CER' was not in top 1
Epoch 40, global step 4920: 'val/CER' reached 20.29242 (best 20.29242), saving model to '/home/pranav/Desktop/emg2qwerty/logs/2026-03-10/15-01-42/job0_trainer.devices=1,user=single_user/checkpoints/epoch=40-step=4920.ckpt' as top 1
Epoch 41, global step 5040: 'val/CER' was not in top 1
Epoch 42, global step 5160: 'val/CER' was not in top 1
Epoch 43, global step 5280: 'val/CER' was not in top 1
Epoch 44, global step 5400: 'val/CER' was not in top 1
Epoch 45, global step 5520: 'val/CER' was not in top 1
Epoch 46, global step 5640: 'val/CER' was not in top 1
Epoch 47, global step 5760: 'val/CER' was not in top 1
Epoch 48, global step 5880: 'val/CER' was not in top 1
Epoch 49, global step 6000: 'val/CER' reached 19.62782 (best 19.62782), saving model to '/home/pranav/Desktop/emg2qwerty/logs/2026-03-10/15-01-42/job0_trainer.devices=1,user=single_user/checkpoints/epoch=49-step=6000.ckpt' as top 1
Epoch 50, global step 6120: 'val/CER' was not in top 1
Epoch 51, global step 6240: 'val/CER' was not in top 1
Epoch 52, global step 6360: 'val/CER' was not in top 1
Epoch 53, global step 6480: 'val/CER' reached 19.27337 (best 19.27337), saving model to '/home/pranav/Desktop/emg2qwerty/logs/2026-03-10/15-01-42/job0_trainer.devices=1,user=single_user/checkpoints/epoch=53-step=6480.ckpt' as top 1
Epoch 54, global step 6600: 'val/CER' reached 18.89676 (best 18.89676), saving model to '/home/pranav/Desktop/emg2qwerty/logs/2026-03-10/15-01-42/job0_trainer.devices=1,user=single_user/checkpoints/epoch=54-step=6600.ckpt' as top 1
Epoch 55, global step 6720: 'val/CER' reached 18.03279 (best 18.03279), saving model to '/home/pranav/Desktop/emg2qwerty/logs/2026-03-10/15-01-42/job0_trainer.devices=1,user=single_user/checkpoints/epoch=55-step=6720.ckpt' as top 1
Epoch 56, global step 6840: 'val/CER' reached 17.70049 (best 17.70049), saving model to '/home/pranav/Desktop/emg2qwerty/logs/2026-03-10/15-01-42/job0_trainer.devices=1,user=single_user/checkpoints/epoch=56-step=6840.ckpt' as top 1
Epoch 57, global step 6960: 'val/CER' was not in top 1
Epoch 58, global step 7080: 'val/CER' was not in top 1
Epoch 59, global step 7200: 'val/CER' reached 17.10235 (best 17.10235), saving model to '/home/pranav/Desktop/emg2qwerty/logs/2026-03-10/15-01-42/job0_trainer.devices=1,user=single_user/checkpoints/epoch=59-step=7200.ckpt' as top 1
Epoch 60, global step 7320: 'val/CER' was not in top 1
Epoch 61, global step 7440: 'val/CER' was not in top 1
Epoch 62, global step 7560: 'val/CER' was not in top 1
Epoch 63, global step 7680: 'val/CER' was not in top 1
Epoch 64, global step 7800: 'val/CER' was not in top 1
Epoch 65, global step 7920: 'val/CER' was not in top 1
Epoch 66, global step 8040: 'val/CER' reached 16.90297 (best 16.90297), saving model to '/home/pranav/Desktop/emg2qwerty/logs/2026-03-10/15-01-42/job0_trainer.devices=1,user=single_user/checkpoints/epoch=66-step=8040.ckpt' as top 1
Epoch 67, global step 8160: 'val/CER' reached 16.77005 (best 16.77005), saving model to '/home/pranav/Desktop/emg2qwerty/logs/2026-03-10/15-01-42/job0_trainer.devices=1,user=single_user/checkpoints/epoch=67-step=8160.ckpt' as top 1
Epoch 68, global step 8280: 'val/CER' was not in top 1
Epoch 69, global step 8400: 'val/CER' was not in top 1
Epoch 70, global step 8520: 'val/CER' was not in top 1
Epoch 71, global step 8640: 'val/CER' reached 16.26052 (best 16.26052), saving model to '/home/pranav/Desktop/emg2qwerty/logs/2026-03-10/15-01-42/job0_trainer.devices=1,user=single_user/checkpoints/epoch=71-step=8640.ckpt' as top 1
Epoch 72, global step 8760: 'val/CER' reached 16.10545 (best 16.10545), saving model to '/home/pranav/Desktop/emg2qwerty/logs/2026-03-10/15-01-42/job0_trainer.devices=1,user=single_user/checkpoints/epoch=72-step=8760.ckpt' as top 1
Epoch 73, global step 8880: 'val/CER' was not in top 1
Epoch 74, global step 9000: 'val/CER' was not in top 1
Epoch 75, global step 9120: 'val/CER' was not in top 1
Epoch 76, global step 9240: 'val/CER' was not in top 1
Epoch 77, global step 9360: 'val/CER' was not in top 1
Epoch 78, global step 9480: 'val/CER' was not in top 1
Epoch 79, global step 9600: 'val/CER' was not in top 1
Epoch 80, global step 9720: 'val/CER' was not in top 1
Epoch 81, global step 9840: 'val/CER' was not in top 1
Epoch 82, global step 9960: 'val/CER' was not in top 1
Epoch 83, global step 10080: 'val/CER' was not in top 1
Epoch 84, global step 10200: 'val/CER' was not in top 1
Epoch 85, global step 10320: 'val/CER' reached 15.88392 (best 15.88392), saving model to '/home/pranav/Desktop/emg2qwerty/logs/2026-03-10/15-01-42/job0_trainer.devices=1,user=single_user/checkpoints/epoch=85-step=10320.ckpt' as top 1
Epoch 86, global step 10440: 'val/CER' was not in top 1
Epoch 87, global step 10560: 'val/CER' was not in top 1
Epoch 88, global step 10680: 'val/CER' was not in top 1
Epoch 89, global step 10800: 'val/CER' was not in top 1
Epoch 90, global step 10920: 'val/CER' was not in top 1
Epoch 91, global step 11040: 'val/CER' reached 15.61808 (best 15.61808), saving model to '/home/pranav/Desktop/emg2qwerty/logs/2026-03-10/15-01-42/job0_trainer.devices=1,user=single_user/checkpoints/epoch=91-step=11040.ckpt' as top 1
Epoch 92, global step 11160: 'val/CER' was not in top 1
Epoch 93, global step 11280: 'val/CER' was not in top 1
Epoch 94, global step 11400: 'val/CER' reached 15.01994 (best 15.01994), saving model to '/home/pranav/Desktop/emg2qwerty/logs/2026-03-10/15-01-42/job0_trainer.devices=1,user=single_user/checkpoints/epoch=94-step=11400.ckpt' as top 1
Epoch 95, global step 11520: 'val/CER' was not in top 1
Epoch 96, global step 11640: 'val/CER' was not in top 1
Epoch 97, global step 11760: 'val/CER' was not in top 1
Epoch 98, global step 11880: 'val/CER' was not in top 1
Epoch 99, global step 12000: 'val/CER' was not in top 1
Epoch 100, global step 12120: 'val/CER' reached 14.75410 (best 14.75410), saving model to '/home/pranav/Desktop/emg2qwerty/logs/2026-03-10/15-01-42/job0_trainer.devices=1,user=single_user/checkpoints/epoch=100-step=12120.ckpt' as top 1
Epoch 101, global step 12240: 'val/CER' was not in top 1
Epoch 102, global step 12360: 'val/CER' was not in top 1
Epoch 103, global step 12480: 'val/CER' was not in top 1
Epoch 104, global step 12600: 'val/CER' was not in top 1
Epoch 105, global step 12720: 'val/CER' reached 14.73195 (best 14.73195), saving model to '/home/pranav/Desktop/emg2qwerty/logs/2026-03-10/15-01-42/job0_trainer.devices=1,user=single_user/checkpoints/epoch=105-step=12720.ckpt' as top 1
Epoch 106, global step 12840: 'val/CER' reached 14.64333 (best 14.64333), saving model to '/home/pranav/Desktop/emg2qwerty/logs/2026-03-10/15-01-42/job0_trainer.devices=1,user=single_user/checkpoints/epoch=106-step=12840.ckpt' as top 1
Epoch 107, global step 12960: 'val/CER' was not in top 1
Epoch 108, global step 13080: 'val/CER' was not in top 1
Epoch 109, global step 13200: 'val/CER' was not in top 1
Epoch 110, global step 13320: 'val/CER' reached 14.48826 (best 14.48826), saving model to '/home/pranav/Desktop/emg2qwerty/logs/2026-03-10/15-01-42/job0_trainer.devices=1,user=single_user/checkpoints/epoch=110-step=13320.ckpt' as top 1
Epoch 111, global step 13440: 'val/CER' was not in top 1
Epoch 112, global step 13560: 'val/CER' was not in top 1
Epoch 113, global step 13680: 'val/CER' was not in top 1
Epoch 114, global step 13800: 'val/CER' was not in top 1
Epoch 115, global step 13920: 'val/CER' was not in top 1
Epoch 116, global step 14040: 'val/CER' was not in top 1
Epoch 117, global step 14160: 'val/CER' was not in top 1
Epoch 118, global step 14280: 'val/CER' was not in top 1
Epoch 119, global step 14400: 'val/CER' was not in top 1
Epoch 120, global step 14520: 'val/CER' reached 14.13381 (best 14.13381), saving model to '/home/pranav/Desktop/emg2qwerty/logs/2026-03-10/15-01-42/job0_trainer.devices=1,user=single_user/checkpoints/epoch=120-step=14520.ckpt' as top 1
Epoch 121, global step 14640: 'val/CER' was not in top 1
Epoch 122, global step 14760: 'val/CER' was not in top 1
Epoch 123, global step 14880: 'val/CER' was not in top 1
Epoch 124, global step 15000: 'val/CER' was not in top 1
Epoch 125, global step 15120: 'val/CER' was not in top 1
Epoch 126, global step 15240: 'val/CER' reached 14.06735 (best 14.06735), saving model to '/home/pranav/Desktop/emg2qwerty/logs/2026-03-10/15-01-42/job0_trainer.devices=1,user=single_user/checkpoints/epoch=126-step=15240.ckpt' as top 1
Epoch 127, global step 15360: 'val/CER' was not in top 1
Epoch 128, global step 15480: 'val/CER' was not in top 1
Epoch 129, global step 15600: 'val/CER' was not in top 1
Epoch 130, global step 15720: 'val/CER' was not in top 1
Epoch 131, global step 15840: 'val/CER' was not in top 1
Epoch 132, global step 15960: 'val/CER' was not in top 1
Epoch 133, global step 16080: 'val/CER' was not in top 1
Epoch 134, global step 16200: 'val/CER' was not in top 1
Epoch 135, global step 16320: 'val/CER' reached 14.02304 (best 14.02304), saving model to '/home/pranav/Desktop/emg2qwerty/logs/2026-03-10/15-01-42/job0_trainer.devices=1,user=single_user/checkpoints/epoch=135-step=16320.ckpt' as top 1
Epoch 136, global step 16440: 'val/CER' was not in top 1
Epoch 137, global step 16560: 'val/CER' was not in top 1
Epoch 138, global step 16680: 'val/CER' was not in top 1
Epoch 139, global step 16800: 'val/CER' was not in top 1
Epoch 140, global step 16920: 'val/CER' was not in top 1
Epoch 141, global step 17040: 'val/CER' was not in top 1
Epoch 142, global step 17160: 'val/CER' was not in top 1
Epoch 143, global step 17280: 'val/CER' was not in top 1
Epoch 144, global step 17400: 'val/CER' was not in top 1
Epoch 145, global step 17520: 'val/CER' was not in top 1
Epoch 146, global step 17640: 'val/CER' was not in top 1
Epoch 147, global step 17760: 'val/CER' was not in top 1
Epoch 148, global step 17880: 'val/CER' was not in top 1
Epoch 149, global step 18000: 'val/CER' reached 13.91227 (best 13.91227), saving model to '/home/pranav/Desktop/emg2qwerty/logs/2026-03-10/15-01-42/job0_trainer.devices=1,user=single_user/checkpoints/epoch=149-step=18000.ckpt' as top 1
`Trainer.fit` stopped: `max_epochs=150` reached.
LOCAL_RANK: 0 - CUDA_VISIBLE_DEVICES: [0]
LOCAL_RANK: 0 - CUDA_VISIBLE_DEVICES: [0]
